10:34:04 : PLCDO Error  :Sockethasbeendisconnected
11:38:54 : PLCDO Error  :Sockethasbeendisconnected
13:48:10 : PLCDO Error  :Sockethasbeendisconnected
13:48:56 : PLCDO Error  :Sockethasbeendisconnected
13:56:16 : PLCDO Error  :Sockethasbeendisconnected
14:11:43 : PLCDI Error  :Sockethasbeendisconnected
14:25:08 : PLCDI Error  :Nosocketerror
14:25:09 : PLCDI Error  :Nosocketerror
14:25:10 : PLCDI Error  :Nosocketerror
14:25:11 : PLCDI Error  :Nosocketerror
14:25:12 : PLCDI Error  :Nosocketerror
14:25:13 : PLCDI Error  :Nosocketerror
14:25:14 : PLCDI Error  :Nosocketerror
14:25:16 : PLCDI Error  :Nosocketerror
14:25:17 : PLCDI Error  :Nosocketerror
14:25:18 : PLCDI Error  :Nosocketerror
14:25:19 : PLCDI Error  :Nosocketerror
14:25:20 : PLCDI Error  :Nosocketerror
14:25:21 : PLCDI Error  :Nosocketerror
14:25:22 : PLCDI Error  :Nosocketerror
14:25:23 : PLCDI Error  :Nosocketerror
14:25:24 : PLCDI Error  :Nosocketerror
14:25:25 : PLCDI Error  :Nosocketerror
14:25:26 : PLCDI Error  :Nosocketerror
14:25:26 : PLCDI Error  :Receivingerror
14:25:26 : PLCDI Error  :Transmissionerror
14:25:26 : PLCDI Error  :Transmissionerror
14:25:26 : PLCDI Error  :Transmissionerror
14:25:26 : PLCDI Error  :Transmissionerror
14:25:26 : PLCDI Error  :Transmissionerror
14:25:26 : PLCDI Error  :Transmissionerror
14:25:26 : PLCDI Error  :Transmissionerror
14:25:26 : PLCDI Error  :Transmissionerror
14:25:26 : PLCDI Error  :Transmissionerror
14:25:26 : PLCDI Error  :Transmissionerror
14:25:26 : PLCDI Error  :Transmissionerror
14:25:26 : PLCDI Error  :Transmissionerror
14:25:26 : PLCDI Error  :Transmissionerror
14:25:26 : PLCDI Error  :Transmissionerror
14:25:26 : PLCDI Error  :Transmissionerror
14:25:26 : PLCDI Error  :Transmissionerror
14:25:26 : PLCDI Error  :Transmissionerror
14:25:26 : PLCDI Error  :Transmissionerror
14:25:26 : PLCDI Error  :Transmissionerror
14:25:26 : PLCDI Error  :Transmissionerror
14:25:26 : PLCDI Error  :Transmissionerror
14:25:26 : PLCDI Error  :Transmissionerror
14:25:26 : PLCDI Error  :Transmissionerror
14:25:26 : PLCDI Error  :Transmissionerror
14:25:26 : PLCDI Error  :Transmissionerror
14:25:26 : PLCDI Error  :Transmissionerror
14:25:26 : PLCDI Error  :Transmissionerror
14:25:26 : PLCDI Error  :Transmissionerror
14:25:27 : PLCDI Error  :Transmissionerror
14:25:27 : PLCDI Error  :Transmissionerror
14:25:27 : PLCDI Error  :Transmissionerror
14:25:27 : PLCDI Error  :Transmissionerror
14:25:27 : PLCDI Error  :Transmissionerror
14:25:27 : PLCDI Error  :Transmissionerror
14:25:27 : PLCDI Error  :Transmissionerror
14:25:27 : PLCDI Error  :Transmissionerror
14:25:27 : PLCDI Error  :Transmissionerror
14:25:27 : PLCDI Error  :Transmissionerror
14:25:27 : PLCDI Error  :Transmissionerror
14:25:27 : PLCDI Error  :Transmissionerror
14:25:27 : PLCDI Error  :Transmissionerror
14:25:27 : PLCDI Error  :Transmissionerror
14:25:27 : PLCDI Error  :Transmissionerror
14:25:27 : PLCDI Error  :Transmissionerror
14:25:27 : PLCDI Error  :Transmissionerror
14:25:27 : PLCDI Error  :Transmissionerror
14:25:27 : PLCDI Error  :Transmissionerror
14:25:27 : PLCDI Error  :Transmissionerror
14:25:27 : PLCDI Error  :Transmissionerror
14:25:27 : PLCDI Error  :Transmissionerror
14:25:27 : PLCDI Error  :Transmissionerror
14:25:27 : PLCDI Error  :Transmissionerror
14:25:27 : PLCDI Error  :Transmissionerror
14:25:27 : PLCDI Error  :Transmissionerror
14:25:27 : PLCDI Error  :Transmissionerror
14:25:27 : PLCDI Error  :Transmissionerror
14:25:27 : PLCDI Error  :Transmissionerror
14:25:27 : PLCDI Error  :Transmissionerror
14:25:27 : PLCDI Error  :Transmissionerror
14:25:27 : PLCDI Error  :Transmissionerror
14:25:27 : PLCDI Error  :Transmissionerror
14:25:27 : PLCDI Error  :Transmissionerror
14:25:27 : PLCDI Error  :Transmissionerror
14:25:27 : PLCDI Error  :Transmissionerror
14:25:27 : PLCDI Error  :Transmissionerror
14:25:27 : PLCDI Error  :Transmissionerror
14:25:27 : PLCDI Error  :Transmissionerror
14:25:27 : PLCDI Error  :Transmissionerror
14:25:27 : PLCDI Error  :Transmissionerror
14:25:27 : PLCDI Error  :Transmissionerror
14:25:27 : PLCDI Error  :Transmissionerror
14:25:27 : PLCDI Error  :Transmissionerror
14:25:27 : PLCDI Error  :Transmissionerror
14:25:27 : PLCDI Error  :Transmissionerror
14:25:27 : PLCDI Error  :Transmissionerror
14:25:27 : PLCDI Error  :Transmissionerror
14:25:27 : PLCDI Error  :Transmissionerror
14:25:27 : PLCDI Error  :Transmissionerror
14:25:27 : PLCDI Error  :Transmissionerror
14:25:27 : PLCDI Error  :Transmissionerror
14:25:27 : PLCDI Error  :Transmissionerror
14:25:27 : PLCDI Error  :Transmissionerror
14:25:27 : PLCDI Error  :Transmissionerror
14:25:27 : PLCDI Error  :Transmissionerror
14:25:27 : PLCDI Error  :Transmissionerror
14:25:27 : PLCDI Error  :Transmissionerror
14:25:27 : PLCDI Error  :Transmissionerror
14:25:27 : PLCDI Error  :Transmissionerror
14:25:27 : PLCDI Error  :Transmissionerror
14:25:27 : PLCDI Error  :Transmissionerror
14:25:27 : PLCDI Error  :Transmissionerror
14:25:27 : PLCDI Error  :Transmissionerror
14:25:27 : PLCDI Error  :Transmissionerror
14:25:27 : PLCDI Error  :Transmissionerror
14:25:27 : PLCDI Error  :Transmissionerror
14:25:27 : PLCDI Error  :Transmissionerror
14:25:27 : PLCDI Error  :Transmissionerror
14:25:27 : PLCDI Error  :Transmissionerror
14:25:27 : PLCDI Error  :Transmissionerror
14:25:27 : PLCDI Error  :Transmissionerror
14:25:27 : PLCDI Error  :Transmissionerror
14:25:27 : PLCDI Error  :Transmissionerror
14:25:27 : PLCDI Error  :Transmissionerror
14:25:27 : PLCDI Error  :Transmissionerror
14:25:27 : PLCDI Error  :Transmissionerror
14:25:27 : PLCDI Error  :Transmissionerror
14:25:27 : PLCDI Error  :Transmissionerror
14:25:27 : PLCDI Error  :Transmissionerror
14:25:27 : PLCDI Error  :Transmissionerror
14:25:27 : PLCDI Error  :Transmissionerror
14:25:27 : PLCDI Error  :Transmissionerror
14:25:27 : PLCDI Error  :Transmissionerror
14:25:27 : PLCDI Error  :Transmissionerror
14:25:27 : PLCDI Error  :Transmissionerror
14:25:27 : PLCDI Error  :Transmissionerror
14:25:27 : PLCDI Error  :Transmissionerror
14:25:27 : PLCDI Error  :Transmissionerror
14:25:27 : PLCDI Error  :Transmissionerror
14:25:27 : PLCDI Error  :Transmissionerror
14:25:27 : PLCDI Error  :Transmissionerror
14:25:27 : PLCDI Error  :Transmissionerror
14:25:27 : PLCDI Error  :Transmissionerror
14:25:27 : PLCDI Error  :Transmissionerror
14:25:27 : PLCDI Error  :Transmissionerror
14:25:27 : PLCDI Error  :Transmissionerror
14:25:27 : PLCDI Error  :Transmissionerror
14:25:27 : PLCDI Error  :Transmissionerror
14:25:27 : PLCDI Error  :Transmissionerror
14:25:27 : PLCDI Error  :Transmissionerror
14:25:27 : PLCDI Error  :Transmissionerror
14:25:27 : PLCDI Error  :Transmissionerror
14:25:27 : PLCDI Error  :Transmissionerror
14:25:27 : PLCDI Error  :Transmissionerror
14:25:27 : PLCDI Error  :Transmissionerror
14:25:27 : PLCDI Error  :Transmissionerror
14:25:27 : PLCDI Error  :Transmissionerror
14:25:27 : PLCDI Error  :Transmissionerror
14:25:27 : PLCDI Error  :Transmissionerror
14:25:27 : PLCDI Error  :Transmissionerror
14:25:27 : PLCDI Error  :Transmissionerror
14:25:28 : PLCDI Error  :Transmissionerror
14:25:28 : PLCDI Error  :Transmissionerror
14:25:28 : PLCDI Error  :Transmissionerror
14:25:28 : PLCDI Error  :Transmissionerror
14:25:28 : PLCDI Error  :Transmissionerror
14:25:28 : PLCDI Error  :Transmissionerror
14:25:28 : PLCDI Error  :Transmissionerror
14:25:28 : PLCDI Error  :Transmissionerror
14:25:28 : PLCDI Error  :Transmissionerror
14:25:28 : PLCDI Error  :Transmissionerror
14:25:28 : PLCDI Error  :Transmissionerror
14:25:28 : PLCDI Error  :Transmissionerror
14:25:28 : PLCDI Error  :Transmissionerror
14:25:28 : PLCDI Error  :Transmissionerror
14:25:28 : PLCDI Error  :Transmissionerror
14:25:28 : PLCDI Error  :Transmissionerror
14:25:28 : PLCDI Error  :Transmissionerror
14:25:28 : PLCDI Error  :Transmissionerror
14:25:28 : PLCDI Error  :Transmissionerror
14:25:28 : PLCDI Error  :Transmissionerror
14:25:28 : PLCDI Error  :Transmissionerror
14:25:28 : PLCDI Error  :Transmissionerror
14:25:28 : PLCDI Error  :Transmissionerror
14:25:28 : PLCDI Error  :Transmissionerror
14:25:28 : PLCDI Error  :Transmissionerror
14:25:28 : PLCDI Error  :Transmissionerror
14:25:28 : PLCDI Error  :Transmissionerror
14:25:28 : PLCDI Error  :Transmissionerror
14:25:28 : PLCDI Error  :Transmissionerror
14:25:28 : PLCDI Error  :Transmissionerror
14:25:28 : PLCDI Error  :Transmissionerror
14:25:28 : PLCDI Error  :Transmissionerror
14:25:28 : PLCDI Error  :Transmissionerror
14:25:28 : PLCDI Error  :Transmissionerror
14:25:28 : PLCDI Error  :Transmissionerror
14:25:28 : PLCDI Error  :Transmissionerror
14:25:28 : PLCDI Error  :Transmissionerror
14:25:28 : PLCDI Error  :Transmissionerror
14:25:28 : PLCDI Error  :Transmissionerror
14:25:28 : PLCDI Error  :Transmissionerror
14:25:28 : PLCDI Error  :Transmissionerror
14:25:28 : PLCDI Error  :Transmissionerror
14:25:28 : PLCDI Error  :Transmissionerror
14:25:28 : PLCDI Error  :Transmissionerror
14:25:28 : PLCDI Error  :Transmissionerror
14:25:28 : PLCDI Error  :Transmissionerror
14:25:28 : PLCDI Error  :Transmissionerror
14:25:28 : PLCDI Error  :Transmissionerror
14:25:28 : PLCDI Error  :Transmissionerror
14:25:28 : PLCDI Error  :Transmissionerror
14:25:28 : PLCDI Error  :Transmissionerror
14:25:28 : PLCDI Error  :Transmissionerror
14:25:28 : PLCDI Error  :Transmissionerror
14:25:28 : PLCDI Error  :Transmissionerror
14:25:28 : PLCDI Error  :Transmissionerror
14:25:28 : PLCDI Error  :Transmissionerror
14:25:28 : PLCDI Error  :Transmissionerror
14:25:28 : PLCDI Error  :Transmissionerror
14:25:28 : PLCDI Error  :Transmissionerror
14:25:28 : PLCDI Error  :Transmissionerror
14:25:28 : PLCDI Error  :Transmissionerror
14:25:28 : PLCDI Error  :Transmissionerror
14:25:28 : PLCDI Error  :Transmissionerror
14:25:28 : PLCDI Error  :Transmissionerror
14:25:28 : PLCDI Error  :Transmissionerror
14:25:28 : PLCDI Error  :Transmissionerror
14:25:28 : PLCDI Error  :Transmissionerror
14:25:28 : PLCDI Error  :Transmissionerror
14:25:28 : PLCDI Error  :Transmissionerror
14:25:28 : PLCDI Error  :Transmissionerror
14:25:28 : PLCDI Error  :Transmissionerror
14:25:28 : PLCDI Error  :Transmissionerror
14:25:28 : PLCDI Error  :Transmissionerror
14:25:28 : PLCDI Error  :Transmissionerror
14:25:28 : PLCDI Error  :Transmissionerror
14:25:28 : PLCDI Error  :Transmissionerror
14:25:28 : PLCDI Error  :Transmissionerror
14:25:28 : PLCDI Error  :Transmissionerror
14:25:28 : PLCDI Error  :Transmissionerror
14:25:28 : PLCDI Error  :Transmissionerror
14:25:28 : PLCDI Error  :Transmissionerror
14:25:28 : PLCDI Error  :Transmissionerror
14:25:28 : PLCDI Error  :Transmissionerror
14:25:28 : PLCDI Error  :Transmissionerror
14:25:28 : PLCDI Error  :Transmissionerror
14:25:28 : PLCDI Error  :Transmissionerror
14:25:28 : PLCDI Error  :Transmissionerror
14:25:28 : PLCDI Error  :Transmissionerror
14:25:28 : PLCDI Error  :Transmissionerror
14:25:28 : PLCDI Error  :Transmissionerror
14:25:28 : PLCDI Error  :Transmissionerror
14:25:28 : PLCDI Error  :Transmissionerror
14:25:28 : PLCDI Error  :Transmissionerror
14:25:28 : PLCDI Error  :Transmissionerror
14:25:28 : PLCDI Error  :Transmissionerror
14:25:28 : PLCDI Error  :Transmissionerror
14:25:28 : PLCDI Error  :Transmissionerror
14:25:28 : PLCDI Error  :Transmissionerror
14:25:28 : PLCDI Error  :Transmissionerror
14:25:28 : PLCDI Error  :Transmissionerror
14:25:28 : PLCDI Error  :Transmissionerror
14:25:28 : PLCDI Error  :Transmissionerror
14:25:28 : PLCDI Error  :Transmissionerror
14:25:28 : PLCDI Error  :Transmissionerror
14:25:28 : PLCDI Error  :Transmissionerror
14:25:28 : PLCDI Error  :Transmissionerror
14:25:28 : PLCDI Error  :Transmissionerror
14:25:28 : PLCDI Error  :Transmissionerror
14:25:28 : PLCDI Error  :Transmissionerror
14:25:28 : PLCDI Error  :Transmissionerror
14:25:28 : PLCDI Error  :Transmissionerror
14:25:28 : PLCDI Error  :Transmissionerror
14:25:28 : PLCDI Error  :Transmissionerror
14:25:28 : PLCDI Error  :Transmissionerror
14:25:28 : PLCDI Error  :Transmissionerror
14:25:28 : PLCDI Error  :Transmissionerror
14:25:28 : PLCDI Error  :Transmissionerror
14:25:28 : PLCDI Error  :Transmissionerror
14:25:28 : PLCDI Error  :Transmissionerror
14:25:28 : PLCDI Error  :Transmissionerror
14:25:28 : PLCDI Error  :Transmissionerror
14:25:28 : PLCDI Error  :Transmissionerror
14:25:28 : PLCDI Error  :Transmissionerror
14:25:28 : PLCDI Error  :Transmissionerror
14:25:28 : PLCDI Error  :Transmissionerror
14:25:28 : PLCDI Error  :Transmissionerror
14:25:28 : PLCDI Error  :Transmissionerror
14:25:28 : PLCDI Error  :Transmissionerror
14:25:28 : PLCDI Error  :Transmissionerror
14:25:28 : PLCDI Error  :Transmissionerror
14:25:28 : PLCDI Error  :Transmissionerror
14:25:28 : PLCDI Error  :Transmissionerror
14:25:28 : PLCDI Error  :Transmissionerror
14:25:28 : PLCDI Error  :Transmissionerror
14:25:28 : PLCDI Error  :Transmissionerror
14:25:28 : PLCDI Error  :Transmissionerror
14:25:28 : PLCDI Error  :Transmissionerror
14:25:28 : PLCDI Error  :Transmissionerror
14:25:28 : PLCDI Error  :Transmissionerror
14:25:28 : PLCDI Error  :Transmissionerror
14:25:28 : PLCDI Error  :Transmissionerror
14:25:28 : PLCDI Error  :Transmissionerror
14:25:28 : PLCDI Error  :Transmissionerror
14:25:28 : PLCDI Error  :Transmissionerror
14:25:28 : PLCDI Error  :Transmissionerror
14:25:28 : PLCDI Error  :Transmissionerror
14:25:29 : PLCDI Error  :Transmissionerror
14:25:29 : PLCDI Error  :Transmissionerror
14:25:29 : PLCDI Error  :Transmissionerror
14:25:29 : PLCDI Error  :Transmissionerror
14:25:29 : PLCDI Error  :Transmissionerror
14:25:29 : PLCDI Error  :Transmissionerror
14:25:29 : PLCDI Error  :Transmissionerror
14:25:29 : PLCDI Error  :Transmissionerror
14:25:29 : PLCDI Error  :Transmissionerror
14:25:29 : PLCDI Error  :Transmissionerror
14:25:29 : PLCDI Error  :Transmissionerror
14:25:29 : PLCDI Error  :Transmissionerror
14:25:29 : PLCDI Error  :Transmissionerror
14:25:29 : PLCDI Error  :Transmissionerror
14:25:29 : PLCDI Error  :Transmissionerror
14:25:29 : PLCDI Error  :Transmissionerror
14:25:29 : PLCDI Error  :Transmissionerror
14:25:29 : PLCDI Error  :Transmissionerror
14:25:29 : PLCDI Error  :Transmissionerror
14:25:29 : PLCDI Error  :Transmissionerror
14:25:29 : PLCDI Error  :Transmissionerror
14:25:29 : PLCDI Error  :Transmissionerror
14:25:29 : PLCDI Error  :Transmissionerror
14:25:29 : PLCDI Error  :Transmissionerror
14:25:29 : PLCDI Error  :Transmissionerror
14:25:29 : PLCDI Error  :Transmissionerror
14:25:29 : PLCDI Error  :Transmissionerror
14:25:29 : PLCDI Error  :Transmissionerror
14:25:29 : PLCDI Error  :Transmissionerror
14:25:29 : PLCDI Error  :Transmissionerror
14:25:29 : PLCDI Error  :Transmissionerror
14:25:29 : PLCDI Error  :Transmissionerror
14:25:29 : PLCDI Error  :Transmissionerror
14:25:29 : PLCDI Error  :Transmissionerror
14:25:29 : PLCDI Error  :Transmissionerror
14:25:29 : PLCDI Error  :Transmissionerror
14:25:29 : PLCDI Error  :Transmissionerror
14:25:29 : PLCDI Error  :Transmissionerror
14:25:29 : PLCDI Error  :Transmissionerror
14:25:29 : PLCDI Error  :Transmissionerror
14:25:29 : PLCDI Error  :Transmissionerror
14:25:29 : PLCDI Error  :Transmissionerror
14:25:29 : PLCDI Error  :Transmissionerror
14:25:29 : PLCDI Error  :Transmissionerror
14:25:29 : PLCDI Error  :Transmissionerror
14:25:29 : PLCDI Error  :Transmissionerror
14:25:29 : PLCDI Error  :Transmissionerror
14:25:29 : PLCDI Error  :Transmissionerror
14:25:29 : PLCDI Error  :Transmissionerror
14:25:29 : PLCDI Error  :Transmissionerror
14:25:29 : PLCDI Error  :Transmissionerror
14:25:29 : PLCDI Error  :Transmissionerror
14:51:07 : PLCDO Error  :Sockethasbeendisconnected
