14:03:21 : PLCDI Error  :Sockethasbeendisconnected
14:13:55 : PLCDI Error  :Nosocketerror
14:13:56 : PLCDI Error  :Nosocketerror
14:13:57 : PLCDI Error  :Nosocketerror
14:13:58 : PLCDI Error  :Nosocketerror
14:13:59 : PLCDI Error  :Nosocketerror
14:14:00 : PLCDI Error  :Nosocketerror
14:14:01 : PLCDI Error  :Nosocketerror
14:14:02 : PLCDI Error  :Nosocketerror
14:14:03 : PLCDI Error  :Nosocketerror
14:14:04 : PLCDI Error  :Nosocketerror
14:14:05 : PLCDI Error  :Nosocketerror
14:14:06 : PLCDI Error  :Nosocketerror
14:14:07 : PLCDI Error  :Nosocketerror
14:14:08 : PLCDI Error  :Nosocketerror
14:14:09 : PLCDI Error  :Nosocketerror
14:14:10 : PLCDI Error  :Nosocketerror
14:14:11 : PLCDI Error  :Nosocketerror
14:14:12 : PLCDI Error  :Nosocketerror
14:14:13 : PLCDI Error  :Receivingerror
14:14:13 : PLCDI Error  :Transmissionerror
14:14:13 : PLCDI Error  :Transmissionerror
14:14:13 : PLCDI Error  :Transmissionerror
14:14:13 : PLCDI Error  :Transmissionerror
14:14:13 : PLCDI Error  :Transmissionerror
14:14:13 : PLCDI Error  :Transmissionerror
14:14:13 : PLCDI Error  :Transmissionerror
14:14:13 : PLCDI Error  :Transmissionerror
14:14:13 : PLCDI Error  :Transmissionerror
14:14:13 : PLCDI Error  :Transmissionerror
14:14:13 : PLCDI Error  :Transmissionerror
14:14:13 : PLCDI Error  :Transmissionerror
14:14:13 : PLCDI Error  :Transmissionerror
14:14:13 : PLCDI Error  :Transmissionerror
14:14:13 : PLCDI Error  :Transmissionerror
14:14:13 : PLCDI Error  :Transmissionerror
14:14:13 : PLCDI Error  :Transmissionerror
14:14:13 : PLCDI Error  :Transmissionerror
14:14:13 : PLCDI Error  :Transmissionerror
14:14:13 : PLCDI Error  :Transmissionerror
14:14:13 : PLCDI Error  :Transmissionerror
14:14:13 : PLCDI Error  :Transmissionerror
14:14:13 : PLCDI Error  :Transmissionerror
14:14:13 : PLCDI Error  :Transmissionerror
14:14:13 : PLCDI Error  :Transmissionerror
14:14:13 : PLCDI Error  :Transmissionerror
14:14:13 : PLCDI Error  :Transmissionerror
14:14:13 : PLCDI Error  :Transmissionerror
14:14:13 : PLCDI Error  :Transmissionerror
14:14:13 : PLCDI Error  :Transmissionerror
14:14:13 : PLCDI Error  :Transmissionerror
14:14:13 : PLCDI Error  :Transmissionerror
14:14:13 : PLCDI Error  :Transmissionerror
14:14:13 : PLCDI Error  :Transmissionerror
14:14:13 : PLCDI Error  :Transmissionerror
14:14:13 : PLCDI Error  :Transmissionerror
14:14:13 : PLCDI Error  :Transmissionerror
14:14:13 : PLCDI Error  :Transmissionerror
14:14:13 : PLCDI Error  :Transmissionerror
14:14:13 : PLCDI Error  :Transmissionerror
14:14:13 : PLCDI Error  :Transmissionerror
14:14:13 : PLCDI Error  :Transmissionerror
14:14:13 : PLCDI Error  :Transmissionerror
14:14:13 : PLCDI Error  :Transmissionerror
14:14:13 : PLCDI Error  :Transmissionerror
14:14:13 : PLCDI Error  :Transmissionerror
14:14:13 : PLCDI Error  :Transmissionerror
14:14:13 : PLCDI Error  :Transmissionerror
14:14:13 : PLCDI Error  :Transmissionerror
14:14:13 : PLCDI Error  :Transmissionerror
14:14:13 : PLCDI Error  :Transmissionerror
14:14:13 : PLCDI Error  :Transmissionerror
14:14:13 : PLCDI Error  :Transmissionerror
14:14:13 : PLCDI Error  :Transmissionerror
14:14:13 : PLCDI Error  :Transmissionerror
14:14:13 : PLCDI Error  :Transmissionerror
14:14:13 : PLCDI Error  :Transmissionerror
14:14:13 : PLCDI Error  :Transmissionerror
14:14:13 : PLCDI Error  :Transmissionerror
14:14:13 : PLCDI Error  :Transmissionerror
14:14:13 : PLCDI Error  :Transmissionerror
14:14:13 : PLCDI Error  :Transmissionerror
14:14:13 : PLCDI Error  :Transmissionerror
14:14:13 : PLCDI Error  :Transmissionerror
14:14:14 : PLCDI Error  :Transmissionerror
14:14:14 : PLCDI Error  :Transmissionerror
14:14:14 : PLCDI Error  :Transmissionerror
14:14:14 : PLCDI Error  :Transmissionerror
14:14:14 : PLCDI Error  :Transmissionerror
14:14:14 : PLCDI Error  :Transmissionerror
14:14:14 : PLCDI Error  :Transmissionerror
14:14:14 : PLCDI Error  :Transmissionerror
14:14:14 : PLCDI Error  :Transmissionerror
14:14:14 : PLCDI Error  :Transmissionerror
14:14:14 : PLCDI Error  :Transmissionerror
14:14:14 : PLCDI Error  :Transmissionerror
14:14:14 : PLCDI Error  :Transmissionerror
14:14:14 : PLCDI Error  :Transmissionerror
14:14:14 : PLCDI Error  :Transmissionerror
14:14:14 : PLCDI Error  :Transmissionerror
14:14:14 : PLCDI Error  :Transmissionerror
14:14:14 : PLCDI Error  :Transmissionerror
14:14:14 : PLCDI Error  :Transmissionerror
14:14:14 : PLCDI Error  :Transmissionerror
14:14:14 : PLCDI Error  :Transmissionerror
14:14:14 : PLCDI Error  :Transmissionerror
14:14:14 : PLCDI Error  :Transmissionerror
14:14:14 : PLCDI Error  :Transmissionerror
14:14:14 : PLCDI Error  :Transmissionerror
14:14:14 : PLCDI Error  :Transmissionerror
14:14:14 : PLCDI Error  :Transmissionerror
14:14:14 : PLCDI Error  :Transmissionerror
14:14:14 : PLCDI Error  :Transmissionerror
14:14:14 : PLCDI Error  :Transmissionerror
14:14:14 : PLCDI Error  :Transmissionerror
14:14:14 : PLCDI Error  :Transmissionerror
14:14:14 : PLCDI Error  :Transmissionerror
14:14:14 : PLCDI Error  :Transmissionerror
14:14:14 : PLCDI Error  :Transmissionerror
14:14:14 : PLCDI Error  :Transmissionerror
14:14:14 : PLCDI Error  :Transmissionerror
14:14:14 : PLCDI Error  :Transmissionerror
14:14:14 : PLCDI Error  :Transmissionerror
14:14:14 : PLCDI Error  :Transmissionerror
14:14:14 : PLCDI Error  :Transmissionerror
14:14:14 : PLCDI Error  :Transmissionerror
14:14:14 : PLCDI Error  :Transmissionerror
14:14:14 : PLCDI Error  :Transmissionerror
14:14:14 : PLCDI Error  :Transmissionerror
14:14:14 : PLCDI Error  :Transmissionerror
14:14:14 : PLCDI Error  :Transmissionerror
14:14:14 : PLCDI Error  :Transmissionerror
14:14:14 : PLCDI Error  :Transmissionerror
14:14:14 : PLCDI Error  :Transmissionerror
14:14:14 : PLCDI Error  :Transmissionerror
14:14:14 : PLCDI Error  :Transmissionerror
14:14:14 : PLCDI Error  :Transmissionerror
14:14:14 : PLCDI Error  :Transmissionerror
14:14:14 : PLCDI Error  :Transmissionerror
14:14:14 : PLCDI Error  :Transmissionerror
14:14:14 : PLCDI Error  :Transmissionerror
14:14:14 : PLCDI Error  :Transmissionerror
14:14:14 : PLCDI Error  :Transmissionerror
14:14:14 : PLCDI Error  :Transmissionerror
14:14:14 : PLCDI Error  :Transmissionerror
14:14:14 : PLCDI Error  :Transmissionerror
14:14:14 : PLCDI Error  :Transmissionerror
14:14:14 : PLCDI Error  :Transmissionerror
14:14:14 : PLCDI Error  :Transmissionerror
14:14:15 : PLCDI Error  :Transmissionerror
14:14:15 : PLCDI Error  :Transmissionerror
14:14:15 : PLCDI Error  :Transmissionerror
14:14:15 : PLCDI Error  :Transmissionerror
14:14:15 : PLCDI Error  :Transmissionerror
14:14:15 : PLCDI Error  :Transmissionerror
14:14:15 : PLCDI Error  :Transmissionerror
14:14:15 : PLCDI Error  :Transmissionerror
14:14:15 : PLCDI Error  :Transmissionerror
14:14:15 : PLCDI Error  :Transmissionerror
14:14:15 : PLCDI Error  :Transmissionerror
14:14:15 : PLCDI Error  :Transmissionerror
14:14:15 : PLCDI Error  :Transmissionerror
14:14:15 : PLCDI Error  :Transmissionerror
14:14:15 : PLCDI Error  :Transmissionerror
14:14:15 : PLCDI Error  :Transmissionerror
14:14:15 : PLCDI Error  :Transmissionerror
14:14:15 : PLCDI Error  :Transmissionerror
14:14:15 : PLCDI Error  :Transmissionerror
14:14:15 : PLCDI Error  :Transmissionerror
14:14:15 : PLCDI Error  :Transmissionerror
14:14:15 : PLCDI Error  :Transmissionerror
14:14:15 : PLCDI Error  :Transmissionerror
14:14:15 : PLCDI Error  :Transmissionerror
14:14:15 : PLCDI Error  :Transmissionerror
14:14:15 : PLCDI Error  :Transmissionerror
14:14:15 : PLCDI Error  :Transmissionerror
14:14:15 : PLCDI Error  :Transmissionerror
14:14:15 : PLCDI Error  :Transmissionerror
14:14:15 : PLCDI Error  :Transmissionerror
14:14:15 : PLCDI Error  :Transmissionerror
14:14:15 : PLCDI Error  :Transmissionerror
14:14:15 : PLCDI Error  :Transmissionerror
14:14:15 : PLCDI Error  :Transmissionerror
14:14:15 : PLCDI Error  :Transmissionerror
14:14:15 : PLCDI Error  :Transmissionerror
14:14:15 : PLCDI Error  :Transmissionerror
14:14:15 : PLCDI Error  :Transmissionerror
14:14:15 : PLCDI Error  :Transmissionerror
14:14:15 : PLCDI Error  :Transmissionerror
14:14:15 : PLCDI Error  :Transmissionerror
14:14:15 : PLCDI Error  :Transmissionerror
14:14:15 : PLCDI Error  :Transmissionerror
14:14:15 : PLCDI Error  :Transmissionerror
14:14:15 : PLCDI Error  :Transmissionerror
14:14:15 : PLCDI Error  :Transmissionerror
14:14:15 : PLCDI Error  :Transmissionerror
14:14:15 : PLCDI Error  :Transmissionerror
14:14:15 : PLCDI Error  :Transmissionerror
14:14:15 : PLCDI Error  :Transmissionerror
14:14:15 : PLCDI Error  :Transmissionerror
14:14:15 : PLCDI Error  :Transmissionerror
14:14:15 : PLCDI Error  :Transmissionerror
14:14:15 : PLCDI Error  :Transmissionerror
14:14:15 : PLCDI Error  :Transmissionerror
14:14:15 : PLCDI Error  :Transmissionerror
14:14:15 : PLCDI Error  :Transmissionerror
14:14:15 : PLCDI Error  :Transmissionerror
14:14:15 : PLCDI Error  :Transmissionerror
14:14:15 : PLCDI Error  :Transmissionerror
14:14:15 : PLCDI Error  :Transmissionerror
14:14:15 : PLCDI Error  :Transmissionerror
14:14:15 : PLCDI Error  :Transmissionerror
14:14:15 : PLCDI Error  :Transmissionerror
14:14:15 : PLCDI Error  :Transmissionerror
14:14:15 : PLCDI Error  :Transmissionerror
14:14:15 : PLCDI Error  :Transmissionerror
14:14:15 : PLCDI Error  :Transmissionerror
14:14:15 : PLCDI Error  :Transmissionerror
14:14:15 : PLCDI Error  :Transmissionerror
14:14:15 : PLCDI Error  :Transmissionerror
14:14:15 : PLCDI Error  :Transmissionerror
14:14:15 : PLCDI Error  :Transmissionerror
14:14:15 : PLCDI Error  :Transmissionerror
14:14:15 : PLCDI Error  :Transmissionerror
14:14:15 : PLCDI Error  :Transmissionerror
14:14:15 : PLCDI Error  :Transmissionerror
14:14:15 : PLCDI Error  :Transmissionerror
14:14:15 : PLCDI Error  :Transmissionerror
14:14:15 : PLCDI Error  :Transmissionerror
14:14:15 : PLCDI Error  :Transmissionerror
14:14:15 : PLCDI Error  :Transmissionerror
14:14:15 : PLCDI Error  :Transmissionerror
14:14:15 : PLCDI Error  :Transmissionerror
14:14:15 : PLCDI Error  :Transmissionerror
14:14:15 : PLCDI Error  :Transmissionerror
14:14:16 : PLCDI Error  :Transmissionerror
14:14:16 : PLCDI Error  :Transmissionerror
14:14:16 : PLCDI Error  :Transmissionerror
14:14:16 : PLCDI Error  :Transmissionerror
14:14:16 : PLCDI Error  :Transmissionerror
14:14:16 : PLCDI Error  :Transmissionerror
14:14:16 : PLCDI Error  :Transmissionerror
14:14:16 : PLCDI Error  :Transmissionerror
14:14:16 : PLCDI Error  :Transmissionerror
14:14:16 : PLCDI Error  :Transmissionerror
14:14:16 : PLCDI Error  :Transmissionerror
14:14:16 : PLCDI Error  :Transmissionerror
14:14:16 : PLCDI Error  :Transmissionerror
14:14:16 : PLCDI Error  :Transmissionerror
14:14:16 : PLCDI Error  :Transmissionerror
14:14:16 : PLCDI Error  :Transmissionerror
14:14:16 : PLCDI Error  :Transmissionerror
14:14:16 : PLCDI Error  :Transmissionerror
14:14:16 : PLCDI Error  :Transmissionerror
14:14:16 : PLCDI Error  :Transmissionerror
14:14:16 : PLCDI Error  :Transmissionerror
14:14:16 : PLCDI Error  :Transmissionerror
14:14:16 : PLCDI Error  :Transmissionerror
14:14:16 : PLCDI Error  :Transmissionerror
14:14:16 : PLCDI Error  :Transmissionerror
14:14:16 : PLCDI Error  :Transmissionerror
14:14:16 : PLCDI Error  :Transmissionerror
14:14:16 : PLCDI Error  :Transmissionerror
14:14:16 : PLCDI Error  :Transmissionerror
14:14:16 : PLCDI Error  :Transmissionerror
14:14:16 : PLCDI Error  :Transmissionerror
14:14:16 : PLCDI Error  :Transmissionerror
14:14:16 : PLCDI Error  :Transmissionerror
14:14:16 : PLCDI Error  :Transmissionerror
14:14:16 : PLCDI Error  :Transmissionerror
14:14:16 : PLCDI Error  :Transmissionerror
14:14:16 : PLCDI Error  :Transmissionerror
14:14:16 : PLCDI Error  :Transmissionerror
14:14:16 : PLCDI Error  :Transmissionerror
14:14:16 : PLCDI Error  :Transmissionerror
14:14:16 : PLCDI Error  :Transmissionerror
14:14:16 : PLCDI Error  :Transmissionerror
14:14:16 : PLCDI Error  :Transmissionerror
14:14:16 : PLCDI Error  :Transmissionerror
14:14:16 : PLCDI Error  :Transmissionerror
14:14:16 : PLCDI Error  :Transmissionerror
14:14:16 : PLCDI Error  :Transmissionerror
14:14:16 : PLCDI Error  :Transmissionerror
14:14:16 : PLCDI Error  :Transmissionerror
14:14:16 : PLCDI Error  :Transmissionerror
14:14:16 : PLCDI Error  :Transmissionerror
14:14:16 : PLCDI Error  :Transmissionerror
14:14:16 : PLCDI Error  :Transmissionerror
14:14:16 : PLCDI Error  :Transmissionerror
14:14:16 : PLCDI Error  :Transmissionerror
14:14:16 : PLCDI Error  :Transmissionerror
14:14:16 : PLCDI Error  :Transmissionerror
14:14:16 : PLCDI Error  :Transmissionerror
14:14:16 : PLCDI Error  :Transmissionerror
14:14:16 : PLCDI Error  :Transmissionerror
14:14:16 : PLCDI Error  :Transmissionerror
14:14:16 : PLCDI Error  :Transmissionerror
14:14:16 : PLCDI Error  :Transmissionerror
14:14:16 : PLCDI Error  :Transmissionerror
14:14:16 : PLCDI Error  :Transmissionerror
14:14:16 : PLCDI Error  :Transmissionerror
14:14:16 : PLCDI Error  :Transmissionerror
14:14:16 : PLCDI Error  :Transmissionerror
14:14:16 : PLCDI Error  :Transmissionerror
14:14:16 : PLCDI Error  :Transmissionerror
14:14:16 : PLCDI Error  :Transmissionerror
14:14:16 : PLCDI Error  :Transmissionerror
14:14:16 : PLCDI Error  :Transmissionerror
14:14:16 : PLCDI Error  :Transmissionerror
14:14:16 : PLCDI Error  :Transmissionerror
14:14:16 : PLCDI Error  :Transmissionerror
14:14:16 : PLCDI Error  :Transmissionerror
14:14:16 : PLCDI Error  :Transmissionerror
14:14:16 : PLCDI Error  :Transmissionerror
14:14:16 : PLCDI Error  :Transmissionerror
14:14:16 : PLCDI Error  :Transmissionerror
14:14:16 : PLCDI Error  :Transmissionerror
14:14:16 : PLCDI Error  :Transmissionerror
14:14:16 : PLCDI Error  :Transmissionerror
14:14:16 : PLCDI Error  :Transmissionerror
14:14:17 : PLCDI Error  :Transmissionerror
14:14:17 : PLCDI Error  :Transmissionerror
14:14:17 : PLCDI Error  :Transmissionerror
14:14:17 : PLCDI Error  :Transmissionerror
14:14:17 : PLCDI Error  :Transmissionerror
14:14:17 : PLCDI Error  :Transmissionerror
14:14:17 : PLCDI Error  :Transmissionerror
14:14:17 : PLCDI Error  :Transmissionerror
14:14:17 : PLCDI Error  :Transmissionerror
14:14:17 : PLCDI Error  :Transmissionerror
14:14:17 : PLCDI Error  :Transmissionerror
14:14:17 : PLCDI Error  :Transmissionerror
14:14:17 : PLCDI Error  :Transmissionerror
14:14:17 : PLCDI Error  :Transmissionerror
14:14:17 : PLCDI Error  :Transmissionerror
14:14:17 : PLCDI Error  :Transmissionerror
14:14:17 : PLCDI Error  :Transmissionerror
14:14:17 : PLCDI Error  :Transmissionerror
14:14:17 : PLCDI Error  :Transmissionerror
14:14:17 : PLCDI Error  :Transmissionerror
14:14:17 : PLCDI Error  :Transmissionerror
14:14:17 : PLCDI Error  :Transmissionerror
14:14:17 : PLCDI Error  :Transmissionerror
14:14:17 : PLCDI Error  :Transmissionerror
14:14:17 : PLCDI Error  :Transmissionerror
14:14:17 : PLCDI Error  :Transmissionerror
14:14:17 : PLCDI Error  :Transmissionerror
14:14:17 : PLCDI Error  :Transmissionerror
14:14:17 : PLCDI Error  :Transmissionerror
14:14:17 : PLCDI Error  :Transmissionerror
14:14:17 : PLCDI Error  :Transmissionerror
14:14:17 : PLCDI Error  :Transmissionerror
14:14:17 : PLCDI Error  :Transmissionerror
14:14:17 : PLCDI Error  :Transmissionerror
14:14:17 : PLCDI Error  :Transmissionerror
14:14:17 : PLCDI Error  :Transmissionerror
14:14:17 : PLCDI Error  :Transmissionerror
14:14:17 : PLCDI Error  :Transmissionerror
14:14:17 : PLCDI Error  :Transmissionerror
14:14:17 : PLCDI Error  :Transmissionerror
14:14:17 : PLCDI Error  :Transmissionerror
14:14:17 : PLCDI Error  :Transmissionerror
14:14:17 : PLCDI Error  :Transmissionerror
14:14:17 : PLCDI Error  :Transmissionerror
14:14:17 : PLCDI Error  :Transmissionerror
14:14:17 : PLCDI Error  :Transmissionerror
14:14:17 : PLCDI Error  :Transmissionerror
14:14:17 : PLCDI Error  :Transmissionerror
14:14:17 : PLCDI Error  :Transmissionerror
14:14:17 : PLCDI Error  :Transmissionerror
14:14:17 : PLCDI Error  :Transmissionerror
14:14:17 : PLCDI Error  :Transmissionerror
14:14:17 : PLCDI Error  :Transmissionerror
14:14:17 : PLCDI Error  :Transmissionerror
14:14:17 : PLCDI Error  :Transmissionerror
14:14:17 : PLCDI Error  :Transmissionerror
14:14:17 : PLCDI Error  :Transmissionerror
14:14:17 : PLCDI Error  :Transmissionerror
14:14:17 : PLCDI Error  :Transmissionerror
14:14:17 : PLCDI Error  :Transmissionerror
14:14:18 : PLCDI Error  :Transmissionerror
14:14:18 : PLCDI Error  :Transmissionerror
14:14:18 : PLCDI Error  :Transmissionerror
14:14:18 : PLCDI Error  :Transmissionerror
14:14:18 : PLCDI Error  :Transmissionerror
14:14:18 : PLCDI Error  :Transmissionerror
14:14:18 : PLCDI Error  :Transmissionerror
14:14:18 : PLCDI Error  :Transmissionerror
14:14:18 : PLCDI Error  :Transmissionerror
14:14:18 : PLCDI Error  :Transmissionerror
14:14:18 : PLCDI Error  :Transmissionerror
14:14:18 : PLCDI Error  :Transmissionerror
14:14:18 : PLCDI Error  :Transmissionerror
14:14:18 : PLCDI Error  :Transmissionerror
14:14:18 : PLCDI Error  :Transmissionerror
14:14:18 : PLCDI Error  :Transmissionerror
14:14:18 : PLCDI Error  :Transmissionerror
14:14:18 : PLCDI Error  :Transmissionerror
14:14:18 : PLCDI Error  :Transmissionerror
14:14:18 : PLCDI Error  :Transmissionerror
14:14:18 : PLCDI Error  :Transmissionerror
14:14:18 : PLCDI Error  :Transmissionerror
14:14:18 : PLCDI Error  :Transmissionerror
14:14:18 : PLCDI Error  :Transmissionerror
14:14:18 : PLCDI Error  :Transmissionerror
14:14:18 : PLCDI Error  :Transmissionerror
14:14:18 : PLCDI Error  :Transmissionerror
14:14:18 : PLCDI Error  :Transmissionerror
14:14:18 : PLCDI Error  :Transmissionerror
14:14:18 : PLCDI Error  :Transmissionerror
14:14:18 : PLCDI Error  :Transmissionerror
14:14:18 : PLCDI Error  :Transmissionerror
14:14:18 : PLCDI Error  :Transmissionerror
14:14:18 : PLCDI Error  :Transmissionerror
14:14:18 : PLCDI Error  :Transmissionerror
14:14:18 : PLCDI Error  :Transmissionerror
14:14:18 : PLCDI Error  :Transmissionerror
14:14:18 : PLCDI Error  :Transmissionerror
14:14:18 : PLCDI Error  :Transmissionerror
14:14:18 : PLCDI Error  :Transmissionerror
14:14:18 : PLCDI Error  :Transmissionerror
14:14:18 : PLCDI Error  :Transmissionerror
14:14:18 : PLCDI Error  :Transmissionerror
14:14:18 : PLCDI Error  :Transmissionerror
14:14:18 : PLCDI Error  :Transmissionerror
14:14:18 : PLCDI Error  :Transmissionerror
14:14:18 : PLCDI Error  :Transmissionerror
14:14:18 : PLCDI Error  :Transmissionerror
14:14:18 : PLCDI Error  :Transmissionerror
14:14:18 : PLCDI Error  :Transmissionerror
14:14:18 : PLCDI Error  :Transmissionerror
14:14:18 : PLCDI Error  :Transmissionerror
14:14:18 : PLCDI Error  :Transmissionerror
14:14:18 : PLCDI Error  :Transmissionerror
14:14:18 : PLCDI Error  :Transmissionerror
14:14:18 : PLCDI Error  :Transmissionerror
14:14:18 : PLCDI Error  :Transmissionerror
14:14:18 : PLCDI Error  :Transmissionerror
14:14:18 : PLCDI Error  :Transmissionerror
14:14:18 : PLCDI Error  :Transmissionerror
14:14:18 : PLCDI Error  :Transmissionerror
14:14:18 : PLCDI Error  :Transmissionerror
14:14:18 : PLCDI Error  :Transmissionerror
14:14:18 : PLCDI Error  :Transmissionerror
14:14:18 : PLCDI Error  :Transmissionerror
14:14:18 : PLCDI Error  :Transmissionerror
14:14:18 : PLCDI Error  :Transmissionerror
14:14:18 : PLCDI Error  :Transmissionerror
14:14:18 : PLCDI Error  :Transmissionerror
14:14:18 : PLCDI Error  :Transmissionerror
14:14:18 : PLCDI Error  :Transmissionerror
14:14:18 : PLCDI Error  :Transmissionerror
14:14:18 : PLCDI Error  :Transmissionerror
14:14:18 : PLCDI Error  :Transmissionerror
14:14:18 : PLCDI Error  :Transmissionerror
14:14:18 : PLCDI Error  :Transmissionerror
14:14:18 : PLCDI Error  :Transmissionerror
14:14:18 : PLCDI Error  :Transmissionerror
14:14:18 : PLCDI Error  :Transmissionerror
14:14:18 : PLCDI Error  :Transmissionerror
14:14:18 : PLCDI Error  :Transmissionerror
14:14:18 : PLCDI Error  :Transmissionerror
14:14:18 : PLCDI Error  :Transmissionerror
14:14:18 : PLCDI Error  :Transmissionerror
14:14:18 : PLCDI Error  :Transmissionerror
14:14:18 : PLCDI Error  :Transmissionerror
14:14:18 : PLCDI Error  :Transmissionerror
14:14:18 : PLCDI Error  :Transmissionerror
14:14:18 : PLCDI Error  :Transmissionerror
14:14:18 : PLCDI Error  :Transmissionerror
14:14:18 : PLCDI Error  :Transmissionerror
14:14:18 : PLCDI Error  :Transmissionerror
14:14:18 : PLCDI Error  :Transmissionerror
14:14:18 : PLCDI Error  :Transmissionerror
14:14:18 : PLCDI Error  :Transmissionerror
14:14:19 : PLCDI Error  :Transmissionerror
14:14:19 : PLCDI Error  :Transmissionerror
14:14:19 : PLCDI Error  :Transmissionerror
14:14:19 : PLCDI Error  :Transmissionerror
14:14:19 : PLCDI Error  :Transmissionerror
14:14:19 : PLCDI Error  :Transmissionerror
14:14:19 : PLCDI Error  :Transmissionerror
14:14:19 : PLCDI Error  :Transmissionerror
14:14:19 : PLCDI Error  :Transmissionerror
14:14:19 : PLCDI Error  :Transmissionerror
14:14:19 : PLCDI Error  :Transmissionerror
14:14:19 : PLCDI Error  :Transmissionerror
14:14:19 : PLCDI Error  :Transmissionerror
14:14:19 : PLCDI Error  :Transmissionerror
14:14:19 : PLCDI Error  :Transmissionerror
14:14:19 : PLCDI Error  :Transmissionerror
14:14:19 : PLCDI Error  :Transmissionerror
14:14:19 : PLCDI Error  :Transmissionerror
14:14:19 : PLCDI Error  :Transmissionerror
14:14:19 : PLCDI Error  :Transmissionerror
14:14:19 : PLCDI Error  :Transmissionerror
14:14:19 : PLCDI Error  :Transmissionerror
14:14:19 : PLCDI Error  :Transmissionerror
14:14:19 : PLCDI Error  :Transmissionerror
14:14:19 : PLCDI Error  :Transmissionerror
14:14:19 : PLCDI Error  :Transmissionerror
14:14:19 : PLCDI Error  :Transmissionerror
14:14:19 : PLCDI Error  :Transmissionerror
14:14:19 : PLCDI Error  :Transmissionerror
14:14:19 : PLCDI Error  :Transmissionerror
14:14:19 : PLCDI Error  :Transmissionerror
14:14:19 : PLCDI Error  :Transmissionerror
14:14:19 : PLCDI Error  :Transmissionerror
14:14:19 : PLCDI Error  :Transmissionerror
14:14:19 : PLCDI Error  :Transmissionerror
14:14:19 : PLCDI Error  :Transmissionerror
14:14:19 : PLCDI Error  :Transmissionerror
14:14:19 : PLCDI Error  :Transmissionerror
14:14:19 : PLCDI Error  :Transmissionerror
14:14:19 : PLCDI Error  :Transmissionerror
14:14:19 : PLCDI Error  :Transmissionerror
14:14:19 : PLCDI Error  :Transmissionerror
14:14:19 : PLCDI Error  :Transmissionerror
14:14:19 : PLCDI Error  :Transmissionerror
14:14:19 : PLCDI Error  :Transmissionerror
14:14:19 : PLCDI Error  :Transmissionerror
14:14:19 : PLCDI Error  :Transmissionerror
14:14:19 : PLCDI Error  :Transmissionerror
14:14:19 : PLCDI Error  :Transmissionerror
14:14:19 : PLCDI Error  :Transmissionerror
14:14:19 : PLCDI Error  :Transmissionerror
14:14:19 : PLCDI Error  :Transmissionerror
14:14:19 : PLCDI Error  :Transmissionerror
14:14:19 : PLCDI Error  :Transmissionerror
14:14:19 : PLCDI Error  :Transmissionerror
14:14:19 : PLCDI Error  :Transmissionerror
14:14:19 : PLCDI Error  :Transmissionerror
14:14:19 : PLCDI Error  :Transmissionerror
14:14:19 : PLCDI Error  :Transmissionerror
14:14:19 : PLCDI Error  :Transmissionerror
14:14:19 : PLCDI Error  :Transmissionerror
14:14:19 : PLCDI Error  :Transmissionerror
14:14:19 : PLCDI Error  :Transmissionerror
14:14:19 : PLCDI Error  :Transmissionerror
14:14:19 : PLCDI Error  :Transmissionerror
14:14:19 : PLCDI Error  :Transmissionerror
14:14:19 : PLCDI Error  :Transmissionerror
14:14:19 : PLCDI Error  :Transmissionerror
14:14:19 : PLCDI Error  :Transmissionerror
14:14:20 : PLCDI Error  :Transmissionerror
14:14:20 : PLCDI Error  :Transmissionerror
14:14:20 : PLCDI Error  :Transmissionerror
14:14:20 : PLCDI Error  :Transmissionerror
14:14:20 : PLCDI Error  :Transmissionerror
14:14:20 : PLCDI Error  :Transmissionerror
14:14:20 : PLCDI Error  :Transmissionerror
14:14:20 : PLCDI Error  :Transmissionerror
14:14:20 : PLCDI Error  :Transmissionerror
14:14:20 : PLCDI Error  :Transmissionerror
14:14:20 : PLCDI Error  :Transmissionerror
14:14:20 : PLCDI Error  :Transmissionerror
14:14:20 : PLCDI Error  :Transmissionerror
14:14:20 : PLCDI Error  :Transmissionerror
14:14:20 : PLCDI Error  :Transmissionerror
14:14:20 : PLCDI Error  :Transmissionerror
14:14:20 : PLCDI Error  :Transmissionerror
14:14:20 : PLCDI Error  :Transmissionerror
14:14:20 : PLCDI Error  :Transmissionerror
14:14:20 : PLCDI Error  :Transmissionerror
14:14:20 : PLCDI Error  :Transmissionerror
14:14:20 : PLCDI Error  :Transmissionerror
14:14:20 : PLCDI Error  :Transmissionerror
14:14:20 : PLCDI Error  :Transmissionerror
14:14:20 : PLCDI Error  :Transmissionerror
14:14:20 : PLCDI Error  :Transmissionerror
14:14:20 : PLCDI Error  :Transmissionerror
14:14:20 : PLCDI Error  :Transmissionerror
14:14:20 : PLCDI Error  :Transmissionerror
14:14:20 : PLCDI Error  :Transmissionerror
14:14:20 : PLCDI Error  :Transmissionerror
14:14:20 : PLCDI Error  :Transmissionerror
14:14:20 : PLCDI Error  :Transmissionerror
14:14:20 : PLCDI Error  :Transmissionerror
14:14:20 : PLCDI Error  :Transmissionerror
14:14:20 : PLCDI Error  :Transmissionerror
14:14:20 : PLCDI Error  :Transmissionerror
14:14:20 : PLCDI Error  :Transmissionerror
14:14:20 : PLCDI Error  :Transmissionerror
14:14:20 : PLCDI Error  :Transmissionerror
14:14:20 : PLCDI Error  :Transmissionerror
14:14:20 : PLCDI Error  :Transmissionerror
14:14:20 : PLCDI Error  :Transmissionerror
14:14:20 : PLCDI Error  :Transmissionerror
14:14:20 : PLCDI Error  :Transmissionerror
14:14:20 : PLCDI Error  :Transmissionerror
14:14:20 : PLCDI Error  :Transmissionerror
14:14:20 : PLCDI Error  :Transmissionerror
14:14:20 : PLCDI Error  :Transmissionerror
14:14:20 : PLCDI Error  :Transmissionerror
14:14:20 : PLCDI Error  :Transmissionerror
14:14:20 : PLCDI Error  :Transmissionerror
14:14:20 : PLCDI Error  :Transmissionerror
14:14:20 : PLCDI Error  :Transmissionerror
14:14:20 : PLCDI Error  :Transmissionerror
14:14:20 : PLCDI Error  :Transmissionerror
14:14:20 : PLCDI Error  :Transmissionerror
14:14:20 : PLCDI Error  :Transmissionerror
14:14:20 : PLCDI Error  :Transmissionerror
14:14:20 : PLCDI Error  :Transmissionerror
14:14:20 : PLCDI Error  :Transmissionerror
14:14:20 : PLCDI Error  :Transmissionerror
14:14:20 : PLCDI Error  :Transmissionerror
14:14:20 : PLCDI Error  :Transmissionerror
14:14:20 : PLCDI Error  :Transmissionerror
14:14:20 : PLCDI Error  :Transmissionerror
14:14:20 : PLCDI Error  :Transmissionerror
14:14:20 : PLCDI Error  :Transmissionerror
14:14:20 : PLCDI Error  :Transmissionerror
14:14:20 : PLCDI Error  :Transmissionerror
14:14:20 : PLCDI Error  :Transmissionerror
14:14:21 : PLCDI Error  :Transmissionerror
14:14:21 : PLCDI Error  :Transmissionerror
14:14:21 : PLCDI Error  :Transmissionerror
14:14:21 : PLCDI Error  :Transmissionerror
14:14:21 : PLCDI Error  :Transmissionerror
14:14:21 : PLCDI Error  :Transmissionerror
14:14:21 : PLCDI Error  :Transmissionerror
14:14:21 : PLCDI Error  :Transmissionerror
14:14:21 : PLCDI Error  :Transmissionerror
14:14:21 : PLCDI Error  :Transmissionerror
14:14:21 : PLCDI Error  :Transmissionerror
14:14:21 : PLCDI Error  :Transmissionerror
14:14:21 : PLCDI Error  :Transmissionerror
14:14:21 : PLCDI Error  :Transmissionerror
14:14:21 : PLCDI Error  :Transmissionerror
14:14:21 : PLCDI Error  :Transmissionerror
14:14:21 : PLCDI Error  :Transmissionerror
14:14:21 : PLCDI Error  :Transmissionerror
14:14:21 : PLCDI Error  :Transmissionerror
14:14:21 : PLCDI Error  :Transmissionerror
14:14:21 : PLCDI Error  :Transmissionerror
14:14:21 : PLCDI Error  :Transmissionerror
14:14:21 : PLCDI Error  :Transmissionerror
14:14:21 : PLCDI Error  :Transmissionerror
14:14:21 : PLCDI Error  :Transmissionerror
14:14:21 : PLCDI Error  :Transmissionerror
14:14:21 : PLCDI Error  :Transmissionerror
14:14:21 : PLCDI Error  :Transmissionerror
14:14:21 : PLCDI Error  :Transmissionerror
14:14:21 : PLCDI Error  :Transmissionerror
14:14:21 : PLCDI Error  :Transmissionerror
14:14:21 : PLCDI Error  :Transmissionerror
14:14:21 : PLCDI Error  :Transmissionerror
14:14:21 : PLCDI Error  :Transmissionerror
14:14:21 : PLCDI Error  :Transmissionerror
14:14:21 : PLCDI Error  :Transmissionerror
14:14:21 : PLCDI Error  :Transmissionerror
14:14:21 : PLCDI Error  :Transmissionerror
14:14:21 : PLCDI Error  :Transmissionerror
14:14:21 : PLCDI Error  :Transmissionerror
14:14:21 : PLCDI Error  :Transmissionerror
14:14:21 : PLCDI Error  :Transmissionerror
14:14:21 : PLCDI Error  :Transmissionerror
14:14:21 : PLCDI Error  :Transmissionerror
14:14:21 : PLCDI Error  :Transmissionerror
14:14:21 : PLCDI Error  :Transmissionerror
14:14:21 : PLCDI Error  :Transmissionerror
14:14:21 : PLCDI Error  :Transmissionerror
14:14:21 : PLCDI Error  :Transmissionerror
14:14:21 : PLCDI Error  :Transmissionerror
14:14:21 : PLCDI Error  :Transmissionerror
14:14:21 : PLCDI Error  :Transmissionerror
14:14:21 : PLCDI Error  :Transmissionerror
14:14:21 : PLCDI Error  :Transmissionerror
14:14:21 : PLCDI Error  :Transmissionerror
14:14:21 : PLCDI Error  :Transmissionerror
14:14:21 : PLCDI Error  :Transmissionerror
14:14:21 : PLCDI Error  :Transmissionerror
14:14:21 : PLCDI Error  :Transmissionerror
14:14:21 : PLCDI Error  :Transmissionerror
14:14:21 : PLCDI Error  :Transmissionerror
14:14:21 : PLCDI Error  :Transmissionerror
14:14:21 : PLCDI Error  :Transmissionerror
14:14:21 : PLCDI Error  :Transmissionerror
14:14:21 : PLCDI Error  :Transmissionerror
14:14:21 : PLCDI Error  :Transmissionerror
14:14:21 : PLCDI Error  :Transmissionerror
14:14:21 : PLCDI Error  :Transmissionerror
14:14:21 : PLCDI Error  :Transmissionerror
14:14:21 : PLCDI Error  :Transmissionerror
14:14:21 : PLCDI Error  :Transmissionerror
14:14:21 : PLCDI Error  :Transmissionerror
14:14:21 : PLCDI Error  :Transmissionerror
14:14:21 : PLCDI Error  :Transmissionerror
14:14:21 : PLCDI Error  :Transmissionerror
14:14:21 : PLCDI Error  :Transmissionerror
14:14:21 : PLCDI Error  :Transmissionerror
14:14:21 : PLCDI Error  :Transmissionerror
14:14:21 : PLCDI Error  :Transmissionerror
14:14:21 : PLCDI Error  :Transmissionerror
14:14:21 : PLCDI Error  :Transmissionerror
14:14:21 : PLCDI Error  :Transmissionerror
14:14:21 : PLCDI Error  :Transmissionerror
14:14:21 : PLCDI Error  :Transmissionerror
14:14:21 : PLCDI Error  :Transmissionerror
14:14:21 : PLCDI Error  :Transmissionerror
14:14:21 : PLCDI Error  :Transmissionerror
14:14:21 : PLCDI Error  :Transmissionerror
14:14:21 : PLCDI Error  :Transmissionerror
14:14:21 : PLCDI Error  :Transmissionerror
14:14:21 : PLCDI Error  :Transmissionerror
14:14:21 : PLCDI Error  :Transmissionerror
14:14:21 : PLCDI Error  :Transmissionerror
14:14:21 : PLCDI Error  :Transmissionerror
14:14:21 : PLCDI Error  :Transmissionerror
14:14:21 : PLCDI Error  :Transmissionerror
14:14:21 : PLCDI Error  :Transmissionerror
14:14:22 : PLCDI Error  :Transmissionerror
14:14:22 : PLCDI Error  :Transmissionerror
14:14:22 : PLCDI Error  :Transmissionerror
14:14:22 : PLCDI Error  :Transmissionerror
14:14:22 : PLCDI Error  :Transmissionerror
14:14:22 : PLCDI Error  :Transmissionerror
14:14:22 : PLCDI Error  :Transmissionerror
14:14:22 : PLCDI Error  :Transmissionerror
14:14:22 : PLCDI Error  :Transmissionerror
14:14:22 : PLCDI Error  :Transmissionerror
14:14:22 : PLCDI Error  :Transmissionerror
14:14:22 : PLCDI Error  :Transmissionerror
14:14:22 : PLCDI Error  :Transmissionerror
14:14:22 : PLCDI Error  :Transmissionerror
14:14:22 : PLCDI Error  :Transmissionerror
14:14:22 : PLCDI Error  :Transmissionerror
14:14:22 : PLCDI Error  :Transmissionerror
14:14:22 : PLCDI Error  :Transmissionerror
14:14:22 : PLCDI Error  :Transmissionerror
14:14:22 : PLCDI Error  :Transmissionerror
14:14:22 : PLCDI Error  :Transmissionerror
14:14:22 : PLCDI Error  :Transmissionerror
14:14:22 : PLCDI Error  :Transmissionerror
14:14:22 : PLCDI Error  :Transmissionerror
14:14:22 : PLCDI Error  :Transmissionerror
14:14:22 : PLCDI Error  :Transmissionerror
14:14:22 : PLCDI Error  :Transmissionerror
14:14:22 : PLCDI Error  :Transmissionerror
14:14:22 : PLCDI Error  :Transmissionerror
14:14:22 : PLCDI Error  :Transmissionerror
14:14:22 : PLCDI Error  :Transmissionerror
14:14:22 : PLCDI Error  :Transmissionerror
14:14:22 : PLCDI Error  :Transmissionerror
14:14:22 : PLCDI Error  :Transmissionerror
14:14:22 : PLCDI Error  :Transmissionerror
14:14:22 : PLCDI Error  :Transmissionerror
14:14:22 : PLCDI Error  :Transmissionerror
14:14:22 : PLCDI Error  :Transmissionerror
14:14:22 : PLCDI Error  :Transmissionerror
14:14:22 : PLCDI Error  :Transmissionerror
14:14:22 : PLCDI Error  :Transmissionerror
14:14:22 : PLCDI Error  :Transmissionerror
14:14:22 : PLCDI Error  :Transmissionerror
14:14:22 : PLCDI Error  :Transmissionerror
14:14:22 : PLCDI Error  :Transmissionerror
14:14:22 : PLCDI Error  :Transmissionerror
14:14:22 : PLCDI Error  :Transmissionerror
14:14:22 : PLCDI Error  :Transmissionerror
14:14:22 : PLCDI Error  :Transmissionerror
14:14:22 : PLCDI Error  :Transmissionerror
14:14:22 : PLCDI Error  :Transmissionerror
14:14:22 : PLCDI Error  :Transmissionerror
14:14:22 : PLCDI Error  :Transmissionerror
14:14:22 : PLCDI Error  :Transmissionerror
14:14:22 : PLCDI Error  :Transmissionerror
14:14:22 : PLCDI Error  :Transmissionerror
14:14:22 : PLCDI Error  :Transmissionerror
14:14:22 : PLCDI Error  :Transmissionerror
14:14:22 : PLCDI Error  :Transmissionerror
14:14:22 : PLCDI Error  :Transmissionerror
14:14:22 : PLCDI Error  :Transmissionerror
14:14:22 : PLCDI Error  :Transmissionerror
14:14:22 : PLCDI Error  :Transmissionerror
14:14:22 : PLCDI Error  :Transmissionerror
14:14:22 : PLCDI Error  :Transmissionerror
14:14:22 : PLCDI Error  :Transmissionerror
14:14:22 : PLCDI Error  :Transmissionerror
14:14:22 : PLCDI Error  :Transmissionerror
14:14:22 : PLCDI Error  :Transmissionerror
14:14:22 : PLCDI Error  :Transmissionerror
14:14:22 : PLCDI Error  :Transmissionerror
14:14:23 : PLCDI Error  :Transmissionerror
14:14:23 : PLCDI Error  :Transmissionerror
14:14:23 : PLCDI Error  :Transmissionerror
14:14:23 : PLCDI Error  :Transmissionerror
14:14:23 : PLCDI Error  :Transmissionerror
14:14:23 : PLCDI Error  :Transmissionerror
14:14:23 : PLCDI Error  :Transmissionerror
14:14:23 : PLCDI Error  :Transmissionerror
14:14:23 : PLCDI Error  :Transmissionerror
14:14:23 : PLCDI Error  :Transmissionerror
14:14:23 : PLCDI Error  :Transmissionerror
14:14:23 : PLCDI Error  :Transmissionerror
14:14:23 : PLCDI Error  :Transmissionerror
14:14:23 : PLCDI Error  :Transmissionerror
14:14:23 : PLCDI Error  :Transmissionerror
14:14:23 : PLCDI Error  :Transmissionerror
14:14:23 : PLCDI Error  :Transmissionerror
14:14:23 : PLCDI Error  :Transmissionerror
14:14:23 : PLCDI Error  :Transmissionerror
14:14:23 : PLCDI Error  :Transmissionerror
14:14:23 : PLCDI Error  :Transmissionerror
14:14:23 : PLCDI Error  :Transmissionerror
14:14:23 : PLCDI Error  :Transmissionerror
14:14:23 : PLCDI Error  :Transmissionerror
14:14:23 : PLCDI Error  :Transmissionerror
14:14:23 : PLCDI Error  :Transmissionerror
14:14:23 : PLCDI Error  :Transmissionerror
14:14:23 : PLCDI Error  :Transmissionerror
14:14:23 : PLCDI Error  :Transmissionerror
14:14:23 : PLCDI Error  :Transmissionerror
14:14:23 : PLCDI Error  :Transmissionerror
14:14:23 : PLCDI Error  :Transmissionerror
14:14:23 : PLCDI Error  :Transmissionerror
14:14:23 : PLCDI Error  :Transmissionerror
14:14:23 : PLCDI Error  :Transmissionerror
14:14:23 : PLCDI Error  :Transmissionerror
14:14:23 : PLCDI Error  :Transmissionerror
14:14:23 : PLCDI Error  :Transmissionerror
14:14:23 : PLCDI Error  :Transmissionerror
14:14:23 : PLCDI Error  :Transmissionerror
14:14:23 : PLCDI Error  :Transmissionerror
14:14:23 : PLCDI Error  :Transmissionerror
14:14:23 : PLCDI Error  :Transmissionerror
14:14:23 : PLCDI Error  :Transmissionerror
14:14:23 : PLCDI Error  :Transmissionerror
14:14:23 : PLCDI Error  :Transmissionerror
14:14:23 : PLCDI Error  :Transmissionerror
14:14:23 : PLCDI Error  :Transmissionerror
14:14:23 : PLCDI Error  :Transmissionerror
14:14:23 : PLCDI Error  :Transmissionerror
14:14:23 : PLCDI Error  :Transmissionerror
14:14:23 : PLCDI Error  :Transmissionerror
14:14:23 : PLCDI Error  :Transmissionerror
14:14:23 : PLCDI Error  :Transmissionerror
14:14:23 : PLCDI Error  :Transmissionerror
14:14:23 : PLCDI Error  :Transmissionerror
14:14:23 : PLCDI Error  :Transmissionerror
14:14:23 : PLCDI Error  :Transmissionerror
14:14:23 : PLCDI Error  :Transmissionerror
14:14:23 : PLCDI Error  :Transmissionerror
14:14:23 : PLCDI Error  :Transmissionerror
14:14:23 : PLCDI Error  :Transmissionerror
14:14:23 : PLCDI Error  :Transmissionerror
14:14:23 : PLCDI Error  :Transmissionerror
14:14:23 : PLCDI Error  :Transmissionerror
14:14:23 : PLCDI Error  :Transmissionerror
14:14:23 : PLCDI Error  :Transmissionerror
14:14:24 : PLCDI Error  :Transmissionerror
14:14:24 : PLCDI Error  :Transmissionerror
14:14:24 : PLCDI Error  :Transmissionerror
14:14:24 : PLCDI Error  :Transmissionerror
14:14:24 : PLCDI Error  :Transmissionerror
14:14:24 : PLCDI Error  :Transmissionerror
14:14:24 : PLCDI Error  :Transmissionerror
14:14:24 : PLCDI Error  :Transmissionerror
14:14:24 : PLCDI Error  :Transmissionerror
14:14:24 : PLCDI Error  :Transmissionerror
14:14:24 : PLCDI Error  :Transmissionerror
14:14:24 : PLCDI Error  :Transmissionerror
14:14:24 : PLCDI Error  :Transmissionerror
14:14:24 : PLCDI Error  :Transmissionerror
14:14:24 : PLCDI Error  :Transmissionerror
14:14:24 : PLCDI Error  :Transmissionerror
14:14:24 : PLCDI Error  :Transmissionerror
14:14:24 : PLCDI Error  :Transmissionerror
14:14:24 : PLCDI Error  :Transmissionerror
14:14:24 : PLCDI Error  :Transmissionerror
14:14:24 : PLCDI Error  :Transmissionerror
14:14:24 : PLCDI Error  :Transmissionerror
14:14:24 : PLCDI Error  :Transmissionerror
14:14:24 : PLCDI Error  :Transmissionerror
14:14:24 : PLCDI Error  :Transmissionerror
14:14:24 : PLCDI Error  :Transmissionerror
14:14:24 : PLCDI Error  :Transmissionerror
14:14:24 : PLCDI Error  :Transmissionerror
14:14:24 : PLCDI Error  :Transmissionerror
14:14:24 : PLCDI Error  :Transmissionerror
14:14:24 : PLCDI Error  :Transmissionerror
14:14:24 : PLCDI Error  :Transmissionerror
14:14:24 : PLCDI Error  :Transmissionerror
14:14:24 : PLCDI Error  :Transmissionerror
14:14:24 : PLCDI Error  :Transmissionerror
14:14:24 : PLCDI Error  :Transmissionerror
14:14:24 : PLCDI Error  :Transmissionerror
14:14:24 : PLCDI Error  :Transmissionerror
14:14:24 : PLCDI Error  :Transmissionerror
14:14:24 : PLCDI Error  :Transmissionerror
14:14:24 : PLCDI Error  :Transmissionerror
14:14:24 : PLCDI Error  :Transmissionerror
14:14:24 : PLCDI Error  :Transmissionerror
14:14:24 : PLCDI Error  :Transmissionerror
14:14:24 : PLCDI Error  :Transmissionerror
14:14:24 : PLCDI Error  :Transmissionerror
14:14:24 : PLCDI Error  :Transmissionerror
14:14:24 : PLCDI Error  :Transmissionerror
14:14:24 : PLCDI Error  :Transmissionerror
14:14:24 : PLCDI Error  :Transmissionerror
14:14:24 : PLCDI Error  :Transmissionerror
14:14:24 : PLCDI Error  :Transmissionerror
14:14:24 : PLCDI Error  :Transmissionerror
14:14:24 : PLCDI Error  :Transmissionerror
14:14:24 : PLCDI Error  :Transmissionerror
14:14:24 : PLCDI Error  :Transmissionerror
14:14:24 : PLCDI Error  :Transmissionerror
14:14:24 : PLCDI Error  :Transmissionerror
14:14:24 : PLCDI Error  :Transmissionerror
14:14:24 : PLCDI Error  :Transmissionerror
14:14:24 : PLCDI Error  :Transmissionerror
14:14:24 : PLCDI Error  :Transmissionerror
14:14:24 : PLCDI Error  :Transmissionerror
14:14:24 : PLCDI Error  :Transmissionerror
14:14:24 : PLCDI Error  :Transmissionerror
14:14:25 : PLCDI Error  :Transmissionerror
14:14:25 : PLCDI Error  :Transmissionerror
14:14:25 : PLCDI Error  :Transmissionerror
14:14:25 : PLCDI Error  :Transmissionerror
14:14:25 : PLCDI Error  :Transmissionerror
14:14:25 : PLCDI Error  :Transmissionerror
14:14:25 : PLCDI Error  :Transmissionerror
14:14:25 : PLCDI Error  :Transmissionerror
14:14:25 : PLCDI Error  :Transmissionerror
14:14:25 : PLCDI Error  :Transmissionerror
14:14:25 : PLCDI Error  :Transmissionerror
14:14:25 : PLCDI Error  :Transmissionerror
14:14:25 : PLCDI Error  :Transmissionerror
14:14:25 : PLCDI Error  :Transmissionerror
14:14:25 : PLCDI Error  :Transmissionerror
14:14:25 : PLCDI Error  :Transmissionerror
14:14:25 : PLCDI Error  :Transmissionerror
14:14:25 : PLCDI Error  :Transmissionerror
14:14:25 : PLCDI Error  :Transmissionerror
14:14:25 : PLCDI Error  :Transmissionerror
14:14:25 : PLCDI Error  :Transmissionerror
14:14:25 : PLCDI Error  :Transmissionerror
14:14:25 : PLCDI Error  :Transmissionerror
14:14:25 : PLCDI Error  :Transmissionerror
14:14:25 : PLCDI Error  :Transmissionerror
14:14:25 : PLCDI Error  :Transmissionerror
14:14:25 : PLCDI Error  :Transmissionerror
14:14:25 : PLCDI Error  :Transmissionerror
14:14:25 : PLCDI Error  :Transmissionerror
14:14:25 : PLCDI Error  :Transmissionerror
14:14:25 : PLCDI Error  :Transmissionerror
14:14:25 : PLCDI Error  :Transmissionerror
14:14:25 : PLCDI Error  :Transmissionerror
14:14:25 : PLCDI Error  :Transmissionerror
14:14:25 : PLCDI Error  :Transmissionerror
14:14:25 : PLCDI Error  :Transmissionerror
14:14:25 : PLCDI Error  :Transmissionerror
14:14:25 : PLCDI Error  :Transmissionerror
14:14:25 : PLCDI Error  :Transmissionerror
14:14:25 : PLCDI Error  :Transmissionerror
14:14:25 : PLCDI Error  :Transmissionerror
14:14:25 : PLCDI Error  :Transmissionerror
14:14:25 : PLCDI Error  :Transmissionerror
14:14:25 : PLCDI Error  :Transmissionerror
14:14:25 : PLCDI Error  :Transmissionerror
14:14:25 : PLCDI Error  :Transmissionerror
14:14:25 : PLCDI Error  :Transmissionerror
14:14:25 : PLCDI Error  :Transmissionerror
14:14:25 : PLCDI Error  :Transmissionerror
14:14:25 : PLCDI Error  :Transmissionerror
14:14:25 : PLCDI Error  :Transmissionerror
14:14:25 : PLCDI Error  :Transmissionerror
14:14:25 : PLCDI Error  :Transmissionerror
14:14:25 : PLCDI Error  :Transmissionerror
14:14:25 : PLCDI Error  :Transmissionerror
14:14:25 : PLCDI Error  :Transmissionerror
14:14:25 : PLCDI Error  :Transmissionerror
14:14:25 : PLCDI Error  :Transmissionerror
14:14:25 : PLCDI Error  :Transmissionerror
14:14:25 : PLCDI Error  :Transmissionerror
14:14:25 : PLCDI Error  :Transmissionerror
14:14:25 : PLCDI Error  :Transmissionerror
14:14:25 : PLCDI Error  :Transmissionerror
14:14:25 : PLCDI Error  :Transmissionerror
14:14:25 : PLCDI Error  :Transmissionerror
14:14:25 : PLCDI Error  :Transmissionerror
14:14:26 : PLCDI Error  :Transmissionerror
14:14:26 : PLCDI Error  :Transmissionerror
14:14:26 : PLCDI Error  :Transmissionerror
14:14:26 : PLCDI Error  :Transmissionerror
14:14:26 : PLCDI Error  :Transmissionerror
14:14:26 : PLCDI Error  :Transmissionerror
14:14:26 : PLCDI Error  :Transmissionerror
14:14:26 : PLCDI Error  :Transmissionerror
14:14:26 : PLCDI Error  :Transmissionerror
14:14:26 : PLCDI Error  :Transmissionerror
14:14:26 : PLCDI Error  :Transmissionerror
14:14:26 : PLCDI Error  :Transmissionerror
14:14:26 : PLCDI Error  :Transmissionerror
14:14:26 : PLCDI Error  :Transmissionerror
14:14:26 : PLCDI Error  :Transmissionerror
14:14:26 : PLCDI Error  :Transmissionerror
14:14:26 : PLCDI Error  :Transmissionerror
14:14:26 : PLCDI Error  :Transmissionerror
14:14:26 : PLCDI Error  :Transmissionerror
14:14:26 : PLCDI Error  :Transmissionerror
14:14:26 : PLCDI Error  :Transmissionerror
14:14:26 : PLCDI Error  :Transmissionerror
14:14:26 : PLCDI Error  :Transmissionerror
14:14:26 : PLCDI Error  :Transmissionerror
14:14:26 : PLCDI Error  :Transmissionerror
14:14:26 : PLCDI Error  :Transmissionerror
14:14:26 : PLCDI Error  :Transmissionerror
14:14:26 : PLCDI Error  :Transmissionerror
14:14:26 : PLCDI Error  :Transmissionerror
14:14:26 : PLCDI Error  :Transmissionerror
14:14:26 : PLCDI Error  :Transmissionerror
14:14:26 : PLCDI Error  :Transmissionerror
14:14:26 : PLCDI Error  :Transmissionerror
14:14:26 : PLCDI Error  :Transmissionerror
14:14:26 : PLCDI Error  :Transmissionerror
14:14:26 : PLCDI Error  :Transmissionerror
14:14:26 : PLCDI Error  :Transmissionerror
14:14:26 : PLCDI Error  :Transmissionerror
14:14:26 : PLCDI Error  :Transmissionerror
14:14:26 : PLCDI Error  :Transmissionerror
14:14:26 : PLCDI Error  :Transmissionerror
14:14:26 : PLCDI Error  :Transmissionerror
14:14:26 : PLCDI Error  :Transmissionerror
14:14:26 : PLCDI Error  :Transmissionerror
14:14:26 : PLCDI Error  :Transmissionerror
14:14:26 : PLCDI Error  :Transmissionerror
14:14:26 : PLCDI Error  :Transmissionerror
14:14:26 : PLCDI Error  :Transmissionerror
14:14:26 : PLCDI Error  :Transmissionerror
14:14:26 : PLCDI Error  :Transmissionerror
14:14:26 : PLCDI Error  :Transmissionerror
14:14:26 : PLCDI Error  :Transmissionerror
14:14:26 : PLCDI Error  :Transmissionerror
14:14:26 : PLCDI Error  :Transmissionerror
14:14:26 : PLCDI Error  :Transmissionerror
14:14:26 : PLCDI Error  :Transmissionerror
14:14:26 : PLCDI Error  :Transmissionerror
14:14:26 : PLCDI Error  :Transmissionerror
14:14:26 : PLCDI Error  :Transmissionerror
14:14:26 : PLCDI Error  :Transmissionerror
14:14:26 : PLCDI Error  :Transmissionerror
14:14:26 : PLCDI Error  :Transmissionerror
14:14:26 : PLCDI Error  :Transmissionerror
14:14:26 : PLCDI Error  :Transmissionerror
14:14:26 : PLCDI Error  :Transmissionerror
14:14:26 : PLCDI Error  :Transmissionerror
14:14:26 : PLCDI Error  :Transmissionerror
14:14:26 : PLCDI Error  :Transmissionerror
14:14:26 : PLCDI Error  :Transmissionerror
14:14:26 : PLCDI Error  :Transmissionerror
14:14:26 : PLCDI Error  :Transmissionerror
14:14:26 : PLCDI Error  :Transmissionerror
14:14:26 : PLCDI Error  :Transmissionerror
14:14:26 : PLCDI Error  :Transmissionerror
14:14:26 : PLCDI Error  :Transmissionerror
14:14:26 : PLCDI Error  :Transmissionerror
14:14:26 : PLCDI Error  :Transmissionerror
14:14:26 : PLCDI Error  :Transmissionerror
14:14:26 : PLCDI Error  :Transmissionerror
14:14:26 : PLCDI Error  :Transmissionerror
14:14:26 : PLCDI Error  :Transmissionerror
14:14:26 : PLCDI Error  :Transmissionerror
14:14:26 : PLCDI Error  :Transmissionerror
14:14:26 : PLCDI Error  :Transmissionerror
14:14:26 : PLCDI Error  :Transmissionerror
14:14:26 : PLCDI Error  :Transmissionerror
14:14:26 : PLCDI Error  :Transmissionerror
14:14:26 : PLCDI Error  :Transmissionerror
14:14:26 : PLCDI Error  :Transmissionerror
14:14:26 : PLCDI Error  :Transmissionerror
14:14:27 : PLCDI Error  :Transmissionerror
14:14:27 : PLCDI Error  :Transmissionerror
14:14:27 : PLCDI Error  :Transmissionerror
14:14:27 : PLCDI Error  :Transmissionerror
14:14:27 : PLCDI Error  :Transmissionerror
14:14:27 : PLCDI Error  :Transmissionerror
14:14:27 : PLCDI Error  :Transmissionerror
14:14:27 : PLCDI Error  :Transmissionerror
14:14:27 : PLCDI Error  :Transmissionerror
14:14:27 : PLCDI Error  :Transmissionerror
14:14:27 : PLCDI Error  :Transmissionerror
14:14:27 : PLCDI Error  :Transmissionerror
14:14:27 : PLCDI Error  :Transmissionerror
14:14:27 : PLCDI Error  :Transmissionerror
14:14:27 : PLCDI Error  :Transmissionerror
14:14:27 : PLCDI Error  :Transmissionerror
14:14:27 : PLCDI Error  :Transmissionerror
14:14:27 : PLCDI Error  :Transmissionerror
14:14:27 : PLCDI Error  :Transmissionerror
14:14:27 : PLCDI Error  :Transmissionerror
14:14:27 : PLCDI Error  :Transmissionerror
14:14:27 : PLCDI Error  :Transmissionerror
14:14:27 : PLCDI Error  :Transmissionerror
14:14:27 : PLCDI Error  :Transmissionerror
14:14:27 : PLCDI Error  :Transmissionerror
14:14:27 : PLCDI Error  :Transmissionerror
14:14:27 : PLCDI Error  :Transmissionerror
14:14:27 : PLCDI Error  :Transmissionerror
14:14:27 : PLCDI Error  :Transmissionerror
14:14:27 : PLCDI Error  :Transmissionerror
14:14:27 : PLCDI Error  :Transmissionerror
14:14:27 : PLCDI Error  :Transmissionerror
14:14:27 : PLCDI Error  :Transmissionerror
14:14:27 : PLCDI Error  :Transmissionerror
14:14:27 : PLCDI Error  :Transmissionerror
14:14:27 : PLCDI Error  :Transmissionerror
14:14:27 : PLCDI Error  :Transmissionerror
14:14:27 : PLCDI Error  :Transmissionerror
14:14:27 : PLCDI Error  :Transmissionerror
14:14:27 : PLCDI Error  :Transmissionerror
14:14:27 : PLCDI Error  :Transmissionerror
14:14:27 : PLCDI Error  :Transmissionerror
14:14:27 : PLCDI Error  :Transmissionerror
14:14:27 : PLCDI Error  :Transmissionerror
14:14:27 : PLCDI Error  :Transmissionerror
14:14:27 : PLCDI Error  :Transmissionerror
14:14:27 : PLCDI Error  :Transmissionerror
14:14:27 : PLCDI Error  :Transmissionerror
14:14:27 : PLCDI Error  :Transmissionerror
14:14:27 : PLCDI Error  :Transmissionerror
14:14:27 : PLCDI Error  :Transmissionerror
14:14:27 : PLCDI Error  :Transmissionerror
14:14:27 : PLCDI Error  :Transmissionerror
14:14:27 : PLCDI Error  :Transmissionerror
14:14:27 : PLCDI Error  :Transmissionerror
14:14:27 : PLCDI Error  :Transmissionerror
14:14:27 : PLCDI Error  :Transmissionerror
14:14:27 : PLCDI Error  :Transmissionerror
14:14:27 : PLCDI Error  :Transmissionerror
14:14:27 : PLCDI Error  :Transmissionerror
14:14:27 : PLCDI Error  :Transmissionerror
14:14:27 : PLCDI Error  :Transmissionerror
14:14:27 : PLCDI Error  :Transmissionerror
14:14:27 : PLCDI Error  :Transmissionerror
14:14:28 : PLCDI Error  :Transmissionerror
14:14:28 : PLCDI Error  :Transmissionerror
14:14:28 : PLCDI Error  :Transmissionerror
14:14:28 : PLCDI Error  :Transmissionerror
14:14:28 : PLCDI Error  :Transmissionerror
14:14:28 : PLCDI Error  :Transmissionerror
14:14:28 : PLCDI Error  :Transmissionerror
14:14:28 : PLCDI Error  :Transmissionerror
14:14:28 : PLCDI Error  :Transmissionerror
14:14:28 : PLCDI Error  :Transmissionerror
14:14:28 : PLCDI Error  :Transmissionerror
14:14:28 : PLCDI Error  :Transmissionerror
14:14:28 : PLCDI Error  :Transmissionerror
14:14:28 : PLCDI Error  :Transmissionerror
14:14:28 : PLCDI Error  :Transmissionerror
14:14:28 : PLCDI Error  :Transmissionerror
14:14:28 : PLCDI Error  :Transmissionerror
14:14:28 : PLCDI Error  :Transmissionerror
14:14:28 : PLCDI Error  :Transmissionerror
14:14:28 : PLCDI Error  :Transmissionerror
14:14:28 : PLCDI Error  :Transmissionerror
14:14:28 : PLCDI Error  :Transmissionerror
14:14:28 : PLCDI Error  :Transmissionerror
14:14:28 : PLCDI Error  :Transmissionerror
14:14:28 : PLCDI Error  :Transmissionerror
14:14:28 : PLCDI Error  :Transmissionerror
14:14:28 : PLCDI Error  :Transmissionerror
14:14:28 : PLCDI Error  :Transmissionerror
14:14:28 : PLCDI Error  :Transmissionerror
14:14:28 : PLCDI Error  :Transmissionerror
14:14:28 : PLCDI Error  :Transmissionerror
14:14:28 : PLCDI Error  :Transmissionerror
14:14:28 : PLCDI Error  :Transmissionerror
14:14:28 : PLCDI Error  :Transmissionerror
14:14:28 : PLCDI Error  :Transmissionerror
14:14:28 : PLCDI Error  :Transmissionerror
14:14:28 : PLCDI Error  :Transmissionerror
14:14:28 : PLCDI Error  :Transmissionerror
14:14:28 : PLCDI Error  :Transmissionerror
14:14:28 : PLCDI Error  :Transmissionerror
14:14:28 : PLCDI Error  :Transmissionerror
14:14:28 : PLCDI Error  :Transmissionerror
14:14:28 : PLCDI Error  :Transmissionerror
14:14:28 : PLCDI Error  :Transmissionerror
14:14:28 : PLCDI Error  :Transmissionerror
14:14:28 : PLCDI Error  :Transmissionerror
14:14:28 : PLCDI Error  :Transmissionerror
14:14:28 : PLCDI Error  :Transmissionerror
14:14:28 : PLCDI Error  :Transmissionerror
14:14:28 : PLCDI Error  :Transmissionerror
14:14:28 : PLCDI Error  :Transmissionerror
14:14:28 : PLCDI Error  :Transmissionerror
14:14:28 : PLCDI Error  :Transmissionerror
14:14:28 : PLCDI Error  :Transmissionerror
14:14:29 : PLCDI Error  :Transmissionerror
14:14:29 : PLCDI Error  :Transmissionerror
14:14:29 : PLCDI Error  :Transmissionerror
14:14:29 : PLCDI Error  :Transmissionerror
14:14:29 : PLCDI Error  :Transmissionerror
14:14:29 : PLCDI Error  :Transmissionerror
14:14:29 : PLCDI Error  :Transmissionerror
14:14:29 : PLCDI Error  :Transmissionerror
14:14:29 : PLCDI Error  :Transmissionerror
14:14:29 : PLCDI Error  :Transmissionerror
14:14:29 : PLCDI Error  :Transmissionerror
14:14:29 : PLCDI Error  :Transmissionerror
14:14:29 : PLCDI Error  :Transmissionerror
14:14:29 : PLCDI Error  :Transmissionerror
14:14:29 : PLCDI Error  :Transmissionerror
14:14:29 : PLCDI Error  :Transmissionerror
14:14:29 : PLCDI Error  :Transmissionerror
14:14:29 : PLCDI Error  :Transmissionerror
14:14:29 : PLCDI Error  :Transmissionerror
14:14:29 : PLCDI Error  :Transmissionerror
14:14:29 : PLCDI Error  :Transmissionerror
14:14:29 : PLCDI Error  :Transmissionerror
14:14:29 : PLCDI Error  :Transmissionerror
14:14:29 : PLCDI Error  :Transmissionerror
14:14:29 : PLCDI Error  :Transmissionerror
14:14:29 : PLCDI Error  :Transmissionerror
14:14:29 : PLCDI Error  :Transmissionerror
14:14:29 : PLCDI Error  :Transmissionerror
14:14:29 : PLCDI Error  :Transmissionerror
14:14:29 : PLCDI Error  :Transmissionerror
14:14:29 : PLCDI Error  :Transmissionerror
14:14:29 : PLCDI Error  :Transmissionerror
14:14:29 : PLCDI Error  :Transmissionerror
14:14:29 : PLCDI Error  :Transmissionerror
14:14:29 : PLCDI Error  :Transmissionerror
14:14:29 : PLCDI Error  :Transmissionerror
14:14:29 : PLCDI Error  :Transmissionerror
14:14:29 : PLCDI Error  :Transmissionerror
14:14:29 : PLCDI Error  :Transmissionerror
14:14:29 : PLCDI Error  :Transmissionerror
14:14:29 : PLCDI Error  :Transmissionerror
14:14:29 : PLCDI Error  :Transmissionerror
14:14:29 : PLCDI Error  :Transmissionerror
14:14:29 : PLCDI Error  :Transmissionerror
14:14:29 : PLCDI Error  :Transmissionerror
14:14:29 : PLCDI Error  :Transmissionerror
14:14:29 : PLCDI Error  :Transmissionerror
14:14:29 : PLCDI Error  :Transmissionerror
14:14:29 : PLCDI Error  :Transmissionerror
14:14:29 : PLCDI Error  :Transmissionerror
14:14:29 : PLCDI Error  :Transmissionerror
14:14:29 : PLCDI Error  :Transmissionerror
14:14:29 : PLCDI Error  :Transmissionerror
14:14:29 : PLCDI Error  :Transmissionerror
14:14:29 : PLCDI Error  :Transmissionerror
14:14:29 : PLCDI Error  :Transmissionerror
14:14:29 : PLCDI Error  :Transmissionerror
14:14:29 : PLCDI Error  :Transmissionerror
14:14:29 : PLCDI Error  :Transmissionerror
14:14:29 : PLCDI Error  :Transmissionerror
14:14:29 : PLCDI Error  :Transmissionerror
14:14:29 : PLCDI Error  :Transmissionerror
14:14:29 : PLCDI Error  :Transmissionerror
14:14:29 : PLCDI Error  :Transmissionerror
14:14:29 : PLCDI Error  :Transmissionerror
14:14:29 : PLCDI Error  :Transmissionerror
14:14:29 : PLCDI Error  :Transmissionerror
14:14:29 : PLCDI Error  :Transmissionerror
14:14:30 : PLCDI Error  :Transmissionerror
14:14:30 : PLCDI Error  :Transmissionerror
14:14:30 : PLCDI Error  :Transmissionerror
14:14:30 : PLCDI Error  :Transmissionerror
14:14:30 : PLCDI Error  :Transmissionerror
14:14:30 : PLCDI Error  :Transmissionerror
14:14:30 : PLCDI Error  :Transmissionerror
14:14:30 : PLCDI Error  :Transmissionerror
14:14:30 : PLCDI Error  :Transmissionerror
14:14:30 : PLCDI Error  :Transmissionerror
14:14:30 : PLCDI Error  :Transmissionerror
14:14:30 : PLCDI Error  :Transmissionerror
14:14:30 : PLCDI Error  :Transmissionerror
14:14:30 : PLCDI Error  :Transmissionerror
14:14:30 : PLCDI Error  :Transmissionerror
14:14:30 : PLCDI Error  :Transmissionerror
14:14:30 : PLCDI Error  :Transmissionerror
14:14:30 : PLCDI Error  :Transmissionerror
14:14:30 : PLCDI Error  :Transmissionerror
14:14:30 : PLCDI Error  :Transmissionerror
14:14:30 : PLCDI Error  :Transmissionerror
14:14:30 : PLCDI Error  :Transmissionerror
14:14:30 : PLCDI Error  :Transmissionerror
14:14:30 : PLCDI Error  :Transmissionerror
14:14:30 : PLCDI Error  :Transmissionerror
14:14:30 : PLCDI Error  :Transmissionerror
14:14:30 : PLCDI Error  :Transmissionerror
14:14:30 : PLCDI Error  :Transmissionerror
14:14:30 : PLCDI Error  :Transmissionerror
14:14:30 : PLCDI Error  :Transmissionerror
14:14:30 : PLCDI Error  :Transmissionerror
14:14:30 : PLCDI Error  :Transmissionerror
14:14:30 : PLCDI Error  :Transmissionerror
14:14:30 : PLCDI Error  :Transmissionerror
14:14:30 : PLCDI Error  :Transmissionerror
14:14:30 : PLCDI Error  :Transmissionerror
14:14:30 : PLCDI Error  :Transmissionerror
14:14:30 : PLCDI Error  :Transmissionerror
14:14:30 : PLCDI Error  :Transmissionerror
14:14:30 : PLCDI Error  :Transmissionerror
14:14:30 : PLCDI Error  :Transmissionerror
14:14:30 : PLCDI Error  :Transmissionerror
14:14:30 : PLCDI Error  :Transmissionerror
14:14:30 : PLCDI Error  :Transmissionerror
14:14:30 : PLCDI Error  :Transmissionerror
14:14:30 : PLCDI Error  :Transmissionerror
14:14:30 : PLCDI Error  :Transmissionerror
14:14:30 : PLCDI Error  :Transmissionerror
14:14:30 : PLCDI Error  :Transmissionerror
14:14:30 : PLCDI Error  :Transmissionerror
14:14:30 : PLCDI Error  :Transmissionerror
14:14:30 : PLCDI Error  :Transmissionerror
14:14:30 : PLCDI Error  :Transmissionerror
14:14:30 : PLCDI Error  :Transmissionerror
14:14:30 : PLCDI Error  :Transmissionerror
14:14:30 : PLCDI Error  :Transmissionerror
14:14:30 : PLCDI Error  :Transmissionerror
14:14:30 : PLCDI Error  :Transmissionerror
14:14:30 : PLCDI Error  :Transmissionerror
14:14:30 : PLCDI Error  :Transmissionerror
14:14:31 : PLCDI Error  :Transmissionerror
14:14:31 : PLCDI Error  :Transmissionerror
14:14:31 : PLCDI Error  :Transmissionerror
14:14:31 : PLCDI Error  :Transmissionerror
14:14:31 : PLCDI Error  :Transmissionerror
14:14:31 : PLCDI Error  :Transmissionerror
14:14:31 : PLCDI Error  :Transmissionerror
14:14:31 : PLCDI Error  :Transmissionerror
14:14:31 : PLCDI Error  :Transmissionerror
14:14:31 : PLCDI Error  :Transmissionerror
14:14:31 : PLCDI Error  :Transmissionerror
14:14:31 : PLCDI Error  :Transmissionerror
14:14:31 : PLCDI Error  :Transmissionerror
14:14:31 : PLCDI Error  :Transmissionerror
14:14:31 : PLCDI Error  :Transmissionerror
14:14:31 : PLCDI Error  :Transmissionerror
14:14:31 : PLCDI Error  :Transmissionerror
14:14:31 : PLCDI Error  :Transmissionerror
14:14:31 : PLCDI Error  :Transmissionerror
14:14:31 : PLCDI Error  :Transmissionerror
14:14:31 : PLCDI Error  :Transmissionerror
14:14:31 : PLCDI Error  :Transmissionerror
14:14:31 : PLCDI Error  :Transmissionerror
14:14:31 : PLCDI Error  :Transmissionerror
14:14:31 : PLCDI Error  :Transmissionerror
14:14:31 : PLCDI Error  :Transmissionerror
14:14:31 : PLCDI Error  :Transmissionerror
14:14:31 : PLCDI Error  :Transmissionerror
14:14:31 : PLCDI Error  :Transmissionerror
14:14:31 : PLCDI Error  :Transmissionerror
14:14:31 : PLCDI Error  :Transmissionerror
14:14:31 : PLCDI Error  :Transmissionerror
14:14:31 : PLCDI Error  :Transmissionerror
14:14:31 : PLCDI Error  :Transmissionerror
14:14:31 : PLCDI Error  :Transmissionerror
14:14:31 : PLCDI Error  :Transmissionerror
14:14:31 : PLCDI Error  :Transmissionerror
14:14:31 : PLCDI Error  :Transmissionerror
14:14:31 : PLCDI Error  :Transmissionerror
14:14:31 : PLCDI Error  :Transmissionerror
14:14:31 : PLCDI Error  :Transmissionerror
14:14:31 : PLCDI Error  :Transmissionerror
14:14:31 : PLCDI Error  :Transmissionerror
14:14:31 : PLCDI Error  :Transmissionerror
14:14:31 : PLCDI Error  :Transmissionerror
14:14:31 : PLCDI Error  :Transmissionerror
14:14:31 : PLCDI Error  :Transmissionerror
14:14:31 : PLCDI Error  :Transmissionerror
14:14:31 : PLCDI Error  :Transmissionerror
14:14:31 : PLCDI Error  :Transmissionerror
14:14:31 : PLCDI Error  :Transmissionerror
14:14:31 : PLCDI Error  :Transmissionerror
14:14:31 : PLCDI Error  :Transmissionerror
14:14:31 : PLCDI Error  :Transmissionerror
14:14:31 : PLCDI Error  :Transmissionerror
14:14:31 : PLCDI Error  :Transmissionerror
14:14:31 : PLCDI Error  :Transmissionerror
14:14:31 : PLCDI Error  :Transmissionerror
14:14:31 : PLCDI Error  :Transmissionerror
14:14:32 : PLCDI Error  :Transmissionerror
14:14:32 : PLCDI Error  :Transmissionerror
14:14:32 : PLCDI Error  :Transmissionerror
14:14:32 : PLCDI Error  :Transmissionerror
14:14:32 : PLCDI Error  :Transmissionerror
14:14:32 : PLCDI Error  :Transmissionerror
14:14:32 : PLCDI Error  :Transmissionerror
14:14:32 : PLCDI Error  :Transmissionerror
14:14:32 : PLCDI Error  :Transmissionerror
14:14:32 : PLCDI Error  :Transmissionerror
14:14:32 : PLCDI Error  :Transmissionerror
14:14:32 : PLCDI Error  :Transmissionerror
14:14:32 : PLCDI Error  :Transmissionerror
14:14:32 : PLCDI Error  :Transmissionerror
14:14:32 : PLCDI Error  :Transmissionerror
14:14:32 : PLCDI Error  :Transmissionerror
14:14:32 : PLCDI Error  :Transmissionerror
14:14:32 : PLCDI Error  :Transmissionerror
14:14:32 : PLCDI Error  :Transmissionerror
14:14:32 : PLCDI Error  :Transmissionerror
14:14:32 : PLCDI Error  :Transmissionerror
14:14:32 : PLCDI Error  :Transmissionerror
14:14:32 : PLCDI Error  :Transmissionerror
14:14:32 : PLCDI Error  :Transmissionerror
14:14:32 : PLCDI Error  :Transmissionerror
14:14:32 : PLCDI Error  :Transmissionerror
14:14:32 : PLCDI Error  :Transmissionerror
14:14:32 : PLCDI Error  :Transmissionerror
14:14:32 : PLCDI Error  :Transmissionerror
14:14:32 : PLCDI Error  :Transmissionerror
14:14:32 : PLCDI Error  :Transmissionerror
14:14:32 : PLCDI Error  :Transmissionerror
14:14:32 : PLCDI Error  :Transmissionerror
14:14:32 : PLCDI Error  :Transmissionerror
14:14:32 : PLCDI Error  :Transmissionerror
14:14:32 : PLCDI Error  :Transmissionerror
14:14:32 : PLCDI Error  :Transmissionerror
14:14:32 : PLCDI Error  :Transmissionerror
14:14:32 : PLCDI Error  :Transmissionerror
14:14:32 : PLCDI Error  :Transmissionerror
14:14:32 : PLCDI Error  :Transmissionerror
14:14:32 : PLCDI Error  :Transmissionerror
14:14:32 : PLCDI Error  :Transmissionerror
14:14:32 : PLCDI Error  :Transmissionerror
14:14:32 : PLCDI Error  :Transmissionerror
14:14:32 : PLCDI Error  :Transmissionerror
14:14:32 : PLCDI Error  :Transmissionerror
14:14:32 : PLCDI Error  :Transmissionerror
14:14:32 : PLCDI Error  :Transmissionerror
14:14:32 : PLCDI Error  :Transmissionerror
14:14:32 : PLCDI Error  :Transmissionerror
14:14:32 : PLCDI Error  :Transmissionerror
14:14:32 : PLCDI Error  :Transmissionerror
14:14:32 : PLCDI Error  :Transmissionerror
14:14:32 : PLCDI Error  :Transmissionerror
14:14:32 : PLCDI Error  :Transmissionerror
14:14:32 : PLCDI Error  :Transmissionerror
14:14:32 : PLCDI Error  :Transmissionerror
14:14:32 : PLCDI Error  :Transmissionerror
14:14:32 : PLCDI Error  :Transmissionerror
14:14:33 : PLCDI Error  :Transmissionerror
14:14:33 : PLCDI Error  :Transmissionerror
14:14:33 : PLCDI Error  :Transmissionerror
14:14:33 : PLCDI Error  :Transmissionerror
14:14:33 : PLCDI Error  :Transmissionerror
14:14:33 : PLCDI Error  :Transmissionerror
14:14:33 : PLCDI Error  :Transmissionerror
14:14:33 : PLCDI Error  :Transmissionerror
14:14:33 : PLCDI Error  :Transmissionerror
14:14:33 : PLCDI Error  :Transmissionerror
14:14:33 : PLCDI Error  :Transmissionerror
14:14:33 : PLCDI Error  :Transmissionerror
14:14:33 : PLCDI Error  :Transmissionerror
14:14:33 : PLCDI Error  :Transmissionerror
14:14:33 : PLCDI Error  :Transmissionerror
14:14:33 : PLCDI Error  :Transmissionerror
14:14:33 : PLCDI Error  :Transmissionerror
14:14:33 : PLCDI Error  :Transmissionerror
14:14:33 : PLCDI Error  :Transmissionerror
14:14:33 : PLCDI Error  :Transmissionerror
14:14:33 : PLCDI Error  :Transmissionerror
14:14:33 : PLCDI Error  :Transmissionerror
14:14:33 : PLCDI Error  :Transmissionerror
14:14:33 : PLCDI Error  :Transmissionerror
14:14:33 : PLCDI Error  :Transmissionerror
14:14:33 : PLCDI Error  :Transmissionerror
14:14:33 : PLCDI Error  :Transmissionerror
14:14:33 : PLCDI Error  :Transmissionerror
14:14:33 : PLCDI Error  :Transmissionerror
14:14:33 : PLCDI Error  :Transmissionerror
14:14:33 : PLCDI Error  :Transmissionerror
14:14:33 : PLCDI Error  :Transmissionerror
14:14:33 : PLCDI Error  :Transmissionerror
14:14:33 : PLCDI Error  :Transmissionerror
14:14:33 : PLCDI Error  :Transmissionerror
14:14:33 : PLCDI Error  :Transmissionerror
14:14:33 : PLCDI Error  :Transmissionerror
14:14:33 : PLCDI Error  :Transmissionerror
14:14:33 : PLCDI Error  :Transmissionerror
14:14:33 : PLCDI Error  :Transmissionerror
14:14:33 : PLCDI Error  :Transmissionerror
14:14:33 : PLCDI Error  :Transmissionerror
14:14:33 : PLCDI Error  :Transmissionerror
14:14:33 : PLCDI Error  :Transmissionerror
14:14:33 : PLCDI Error  :Transmissionerror
14:14:33 : PLCDI Error  :Transmissionerror
14:14:33 : PLCDI Error  :Transmissionerror
14:14:33 : PLCDI Error  :Transmissionerror
14:14:33 : PLCDI Error  :Transmissionerror
14:14:33 : PLCDI Error  :Transmissionerror
14:14:33 : PLCDI Error  :Transmissionerror
14:14:33 : PLCDI Error  :Transmissionerror
14:14:33 : PLCDI Error  :Transmissionerror
14:14:33 : PLCDI Error  :Transmissionerror
14:14:33 : PLCDI Error  :Transmissionerror
14:14:33 : PLCDI Error  :Transmissionerror
14:14:33 : PLCDI Error  :Transmissionerror
14:14:33 : PLCDI Error  :Transmissionerror
14:14:33 : PLCDI Error  :Transmissionerror
14:14:33 : PLCDI Error  :Transmissionerror
14:14:33 : PLCDI Error  :Transmissionerror
14:14:33 : PLCDI Error  :Transmissionerror
14:14:33 : PLCDI Error  :Transmissionerror
14:14:33 : PLCDI Error  :Transmissionerror
14:14:34 : PLCDI Error  :Transmissionerror
14:14:34 : PLCDI Error  :Transmissionerror
14:14:34 : PLCDI Error  :Transmissionerror
14:14:34 : PLCDI Error  :Transmissionerror
14:14:34 : PLCDI Error  :Transmissionerror
14:14:34 : PLCDI Error  :Transmissionerror
14:14:34 : PLCDI Error  :Transmissionerror
14:14:34 : PLCDI Error  :Transmissionerror
14:14:34 : PLCDI Error  :Transmissionerror
14:14:34 : PLCDI Error  :Transmissionerror
14:14:34 : PLCDI Error  :Transmissionerror
14:14:34 : PLCDI Error  :Transmissionerror
14:14:34 : PLCDI Error  :Transmissionerror
14:14:34 : PLCDI Error  :Transmissionerror
14:14:34 : PLCDI Error  :Transmissionerror
14:14:34 : PLCDI Error  :Transmissionerror
14:14:34 : PLCDI Error  :Transmissionerror
14:14:34 : PLCDI Error  :Transmissionerror
14:14:34 : PLCDI Error  :Transmissionerror
14:14:34 : PLCDI Error  :Transmissionerror
14:14:34 : PLCDI Error  :Transmissionerror
14:14:34 : PLCDI Error  :Transmissionerror
14:14:34 : PLCDI Error  :Transmissionerror
14:14:34 : PLCDI Error  :Transmissionerror
14:14:34 : PLCDI Error  :Transmissionerror
14:14:34 : PLCDI Error  :Transmissionerror
14:14:34 : PLCDI Error  :Transmissionerror
14:14:34 : PLCDI Error  :Transmissionerror
14:14:34 : PLCDI Error  :Transmissionerror
14:14:34 : PLCDI Error  :Transmissionerror
14:14:34 : PLCDI Error  :Transmissionerror
14:14:34 : PLCDI Error  :Transmissionerror
14:14:34 : PLCDI Error  :Transmissionerror
14:14:34 : PLCDI Error  :Transmissionerror
14:14:34 : PLCDI Error  :Transmissionerror
14:14:34 : PLCDI Error  :Transmissionerror
14:14:34 : PLCDI Error  :Transmissionerror
14:14:34 : PLCDI Error  :Transmissionerror
14:14:34 : PLCDI Error  :Transmissionerror
14:14:34 : PLCDI Error  :Transmissionerror
14:14:34 : PLCDI Error  :Transmissionerror
14:14:34 : PLCDI Error  :Transmissionerror
14:14:34 : PLCDI Error  :Transmissionerror
14:14:34 : PLCDI Error  :Transmissionerror
14:14:34 : PLCDI Error  :Transmissionerror
14:14:34 : PLCDI Error  :Transmissionerror
14:14:34 : PLCDI Error  :Transmissionerror
14:14:34 : PLCDI Error  :Transmissionerror
14:14:34 : PLCDI Error  :Transmissionerror
14:14:34 : PLCDI Error  :Transmissionerror
14:14:34 : PLCDI Error  :Transmissionerror
14:14:34 : PLCDI Error  :Transmissionerror
14:14:34 : PLCDI Error  :Transmissionerror
14:14:34 : PLCDI Error  :Transmissionerror
14:14:34 : PLCDI Error  :Transmissionerror
14:14:34 : PLCDI Error  :Transmissionerror
14:14:34 : PLCDI Error  :Transmissionerror
14:14:34 : PLCDI Error  :Transmissionerror
14:14:35 : PLCDI Error  :Transmissionerror
14:14:35 : PLCDI Error  :Transmissionerror
14:14:35 : PLCDI Error  :Transmissionerror
14:14:35 : PLCDI Error  :Transmissionerror
14:14:35 : PLCDI Error  :Transmissionerror
14:14:35 : PLCDI Error  :Transmissionerror
14:14:35 : PLCDI Error  :Transmissionerror
14:14:35 : PLCDI Error  :Transmissionerror
14:14:35 : PLCDI Error  :Transmissionerror
14:14:35 : PLCDI Error  :Transmissionerror
14:14:35 : PLCDI Error  :Transmissionerror
14:14:35 : PLCDI Error  :Transmissionerror
14:14:35 : PLCDI Error  :Transmissionerror
14:14:35 : PLCDI Error  :Transmissionerror
14:14:35 : PLCDI Error  :Transmissionerror
14:14:35 : PLCDI Error  :Transmissionerror
14:14:35 : PLCDI Error  :Transmissionerror
14:14:35 : PLCDI Error  :Transmissionerror
14:14:35 : PLCDI Error  :Transmissionerror
14:14:35 : PLCDI Error  :Transmissionerror
14:14:35 : PLCDI Error  :Transmissionerror
14:14:35 : PLCDI Error  :Transmissionerror
14:14:35 : PLCDI Error  :Transmissionerror
14:14:35 : PLCDI Error  :Transmissionerror
14:14:35 : PLCDI Error  :Transmissionerror
14:14:35 : PLCDI Error  :Transmissionerror
14:14:35 : PLCDI Error  :Transmissionerror
14:14:35 : PLCDI Error  :Transmissionerror
14:14:35 : PLCDI Error  :Transmissionerror
14:14:35 : PLCDI Error  :Transmissionerror
14:14:35 : PLCDI Error  :Transmissionerror
14:14:35 : PLCDI Error  :Transmissionerror
14:14:35 : PLCDI Error  :Transmissionerror
14:14:35 : PLCDI Error  :Transmissionerror
14:14:35 : PLCDI Error  :Transmissionerror
14:14:35 : PLCDI Error  :Transmissionerror
14:14:35 : PLCDI Error  :Transmissionerror
14:14:35 : PLCDI Error  :Transmissionerror
14:14:35 : PLCDI Error  :Transmissionerror
14:14:35 : PLCDI Error  :Transmissionerror
14:14:35 : PLCDI Error  :Transmissionerror
14:14:35 : PLCDI Error  :Transmissionerror
14:14:35 : PLCDI Error  :Transmissionerror
14:14:35 : PLCDI Error  :Transmissionerror
14:14:35 : PLCDI Error  :Transmissionerror
14:14:35 : PLCDI Error  :Transmissionerror
14:14:35 : PLCDI Error  :Transmissionerror
14:14:35 : PLCDI Error  :Transmissionerror
14:14:35 : PLCDI Error  :Transmissionerror
14:14:35 : PLCDI Error  :Transmissionerror
14:14:35 : PLCDI Error  :Transmissionerror
14:14:35 : PLCDI Error  :Transmissionerror
14:14:35 : PLCDI Error  :Transmissionerror
14:14:35 : PLCDI Error  :Transmissionerror
14:14:35 : PLCDI Error  :Transmissionerror
14:14:35 : PLCDI Error  :Transmissionerror
14:14:35 : PLCDI Error  :Transmissionerror
14:14:35 : PLCDI Error  :Transmissionerror
14:14:35 : PLCDI Error  :Transmissionerror
14:14:35 : PLCDI Error  :Transmissionerror
14:14:35 : PLCDI Error  :Transmissionerror
14:14:35 : PLCDI Error  :Transmissionerror
14:14:35 : PLCDI Error  :Transmissionerror
14:14:35 : PLCDI Error  :Transmissionerror
14:14:35 : PLCDI Error  :Transmissionerror
14:14:35 : PLCDI Error  :Transmissionerror
14:14:35 : PLCDI Error  :Transmissionerror
14:14:35 : PLCDI Error  :Transmissionerror
14:14:35 : PLCDI Error  :Transmissionerror
14:14:35 : PLCDI Error  :Transmissionerror
14:14:35 : PLCDI Error  :Transmissionerror
14:14:35 : PLCDI Error  :Transmissionerror
14:14:35 : PLCDI Error  :Transmissionerror
14:14:35 : PLCDI Error  :Transmissionerror
14:14:36 : PLCDI Error  :Transmissionerror
14:14:36 : PLCDI Error  :Transmissionerror
14:14:36 : PLCDI Error  :Transmissionerror
14:14:36 : PLCDI Error  :Transmissionerror
14:14:36 : PLCDI Error  :Transmissionerror
14:14:36 : PLCDI Error  :Transmissionerror
14:14:36 : PLCDI Error  :Transmissionerror
14:14:36 : PLCDI Error  :Transmissionerror
14:14:36 : PLCDI Error  :Transmissionerror
14:14:36 : PLCDI Error  :Transmissionerror
14:14:36 : PLCDI Error  :Transmissionerror
14:14:36 : PLCDI Error  :Transmissionerror
14:14:36 : PLCDI Error  :Transmissionerror
14:14:36 : PLCDI Error  :Transmissionerror
14:14:36 : PLCDI Error  :Transmissionerror
14:14:36 : PLCDI Error  :Transmissionerror
14:14:36 : PLCDI Error  :Transmissionerror
14:14:36 : PLCDI Error  :Transmissionerror
14:14:36 : PLCDI Error  :Transmissionerror
14:14:36 : PLCDI Error  :Transmissionerror
14:14:36 : PLCDI Error  :Transmissionerror
14:14:36 : PLCDI Error  :Transmissionerror
14:14:36 : PLCDI Error  :Transmissionerror
14:14:36 : PLCDI Error  :Transmissionerror
14:14:36 : PLCDI Error  :Transmissionerror
14:14:36 : PLCDI Error  :Transmissionerror
14:14:36 : PLCDI Error  :Transmissionerror
14:14:36 : PLCDI Error  :Transmissionerror
14:14:36 : PLCDI Error  :Transmissionerror
14:14:36 : PLCDI Error  :Transmissionerror
14:14:36 : PLCDI Error  :Transmissionerror
14:14:36 : PLCDI Error  :Transmissionerror
14:14:36 : PLCDI Error  :Transmissionerror
14:14:36 : PLCDI Error  :Transmissionerror
14:14:36 : PLCDI Error  :Transmissionerror
14:14:36 : PLCDI Error  :Transmissionerror
14:14:36 : PLCDI Error  :Transmissionerror
14:14:36 : PLCDI Error  :Transmissionerror
14:14:36 : PLCDI Error  :Transmissionerror
14:14:36 : PLCDI Error  :Transmissionerror
14:14:36 : PLCDI Error  :Transmissionerror
14:14:36 : PLCDI Error  :Transmissionerror
14:14:36 : PLCDI Error  :Transmissionerror
14:14:36 : PLCDI Error  :Transmissionerror
14:14:36 : PLCDI Error  :Transmissionerror
14:14:36 : PLCDI Error  :Transmissionerror
14:14:36 : PLCDI Error  :Transmissionerror
14:14:36 : PLCDI Error  :Transmissionerror
14:14:36 : PLCDI Error  :Transmissionerror
14:14:36 : PLCDI Error  :Transmissionerror
14:14:36 : PLCDI Error  :Transmissionerror
14:14:36 : PLCDI Error  :Transmissionerror
14:14:36 : PLCDI Error  :Transmissionerror
14:14:36 : PLCDI Error  :Transmissionerror
14:14:36 : PLCDI Error  :Transmissionerror
14:14:36 : PLCDI Error  :Transmissionerror
14:14:36 : PLCDI Error  :Transmissionerror
14:14:36 : PLCDI Error  :Transmissionerror
14:14:36 : PLCDI Error  :Transmissionerror
14:14:36 : PLCDI Error  :Transmissionerror
14:14:36 : PLCDI Error  :Transmissionerror
14:14:36 : PLCDI Error  :Transmissionerror
14:14:36 : PLCDI Error  :Transmissionerror
14:14:36 : PLCDI Error  :Transmissionerror
14:14:36 : PLCDI Error  :Transmissionerror
14:14:36 : PLCDI Error  :Transmissionerror
14:14:36 : PLCDI Error  :Transmissionerror
14:14:36 : PLCDI Error  :Transmissionerror
14:14:36 : PLCDI Error  :Transmissionerror
14:14:36 : PLCDI Error  :Transmissionerror
14:14:37 : PLCDI Error  :Transmissionerror
14:14:37 : PLCDI Error  :Transmissionerror
14:14:37 : PLCDI Error  :Transmissionerror
14:14:37 : PLCDI Error  :Transmissionerror
14:14:37 : PLCDI Error  :Transmissionerror
14:14:37 : PLCDI Error  :Transmissionerror
14:14:37 : PLCDI Error  :Transmissionerror
14:14:37 : PLCDI Error  :Transmissionerror
14:14:37 : PLCDI Error  :Transmissionerror
14:14:37 : PLCDI Error  :Transmissionerror
14:14:37 : PLCDI Error  :Transmissionerror
14:14:37 : PLCDI Error  :Transmissionerror
14:14:37 : PLCDI Error  :Transmissionerror
14:14:37 : PLCDI Error  :Transmissionerror
14:14:37 : PLCDI Error  :Transmissionerror
14:14:37 : PLCDI Error  :Transmissionerror
14:14:37 : PLCDI Error  :Transmissionerror
14:14:37 : PLCDI Error  :Transmissionerror
14:14:37 : PLCDI Error  :Transmissionerror
14:14:37 : PLCDI Error  :Transmissionerror
14:14:37 : PLCDI Error  :Transmissionerror
14:14:37 : PLCDI Error  :Transmissionerror
14:14:37 : PLCDI Error  :Transmissionerror
14:14:37 : PLCDI Error  :Transmissionerror
14:14:37 : PLCDI Error  :Transmissionerror
14:14:37 : PLCDI Error  :Transmissionerror
14:14:37 : PLCDI Error  :Transmissionerror
14:14:37 : PLCDI Error  :Transmissionerror
14:14:37 : PLCDI Error  :Transmissionerror
14:14:37 : PLCDI Error  :Transmissionerror
14:14:37 : PLCDI Error  :Transmissionerror
14:14:37 : PLCDI Error  :Transmissionerror
14:14:37 : PLCDI Error  :Transmissionerror
14:14:37 : PLCDI Error  :Transmissionerror
14:14:37 : PLCDI Error  :Transmissionerror
14:14:37 : PLCDI Error  :Transmissionerror
14:14:37 : PLCDI Error  :Transmissionerror
14:14:37 : PLCDI Error  :Transmissionerror
14:14:37 : PLCDI Error  :Transmissionerror
14:14:37 : PLCDI Error  :Transmissionerror
14:14:37 : PLCDI Error  :Transmissionerror
14:14:37 : PLCDI Error  :Transmissionerror
14:14:37 : PLCDI Error  :Transmissionerror
14:14:37 : PLCDI Error  :Transmissionerror
14:14:37 : PLCDI Error  :Transmissionerror
14:14:37 : PLCDI Error  :Transmissionerror
14:14:37 : PLCDI Error  :Transmissionerror
14:14:37 : PLCDI Error  :Transmissionerror
14:14:37 : PLCDI Error  :Transmissionerror
14:14:37 : PLCDI Error  :Transmissionerror
14:14:37 : PLCDI Error  :Transmissionerror
14:14:37 : PLCDI Error  :Transmissionerror
14:14:37 : PLCDI Error  :Transmissionerror
14:14:37 : PLCDI Error  :Transmissionerror
14:14:37 : PLCDI Error  :Transmissionerror
14:14:37 : PLCDI Error  :Transmissionerror
14:14:37 : PLCDI Error  :Transmissionerror
14:14:37 : PLCDI Error  :Transmissionerror
14:14:37 : PLCDI Error  :Transmissionerror
14:14:37 : PLCDI Error  :Transmissionerror
14:14:37 : PLCDI Error  :Transmissionerror
14:14:37 : PLCDI Error  :Transmissionerror
14:14:37 : PLCDI Error  :Transmissionerror
14:14:37 : PLCDI Error  :Transmissionerror
14:14:37 : PLCDI Error  :Transmissionerror
14:14:37 : PLCDI Error  :Transmissionerror
14:14:37 : PLCDI Error  :Transmissionerror
14:14:37 : PLCDI Error  :Transmissionerror
14:14:37 : PLCDI Error  :Transmissionerror
14:14:37 : PLCDI Error  :Transmissionerror
14:14:37 : PLCDI Error  :Transmissionerror
14:14:37 : PLCDI Error  :Transmissionerror
14:14:37 : PLCDI Error  :Transmissionerror
14:14:37 : PLCDI Error  :Transmissionerror
14:14:38 : PLCDI Error  :Transmissionerror
14:14:38 : PLCDI Error  :Transmissionerror
14:14:38 : PLCDI Error  :Transmissionerror
14:14:38 : PLCDI Error  :Transmissionerror
14:14:38 : PLCDI Error  :Transmissionerror
14:14:38 : PLCDI Error  :Transmissionerror
14:14:38 : PLCDI Error  :Transmissionerror
14:14:38 : PLCDI Error  :Transmissionerror
14:14:38 : PLCDI Error  :Transmissionerror
14:14:38 : PLCDI Error  :Transmissionerror
14:14:38 : PLCDI Error  :Transmissionerror
14:14:38 : PLCDI Error  :Transmissionerror
14:14:38 : PLCDI Error  :Transmissionerror
14:14:38 : PLCDI Error  :Transmissionerror
14:14:38 : PLCDI Error  :Transmissionerror
14:14:38 : PLCDI Error  :Transmissionerror
14:14:38 : PLCDI Error  :Transmissionerror
14:14:38 : PLCDI Error  :Transmissionerror
14:14:38 : PLCDI Error  :Transmissionerror
14:14:38 : PLCDI Error  :Transmissionerror
14:14:38 : PLCDI Error  :Transmissionerror
14:14:38 : PLCDI Error  :Transmissionerror
14:14:38 : PLCDI Error  :Transmissionerror
14:14:38 : PLCDI Error  :Transmissionerror
14:14:38 : PLCDI Error  :Transmissionerror
14:14:38 : PLCDI Error  :Transmissionerror
14:14:38 : PLCDI Error  :Transmissionerror
14:14:38 : PLCDI Error  :Transmissionerror
14:14:38 : PLCDI Error  :Transmissionerror
14:14:38 : PLCDI Error  :Transmissionerror
14:14:38 : PLCDI Error  :Transmissionerror
14:14:38 : PLCDI Error  :Transmissionerror
16:57:10 : PLCDI Error  :Sockethasbeendisconnected
17:03:06 : PLCDI Error  :Nosocketerror
17:03:07 : PLCDI Error  :Nosocketerror
17:03:08 : PLCDI Error  :Nosocketerror
17:03:09 : PLCDI Error  :Nosocketerror
17:03:10 : PLCDI Error  :Nosocketerror
17:03:11 : PLCDI Error  :Nosocketerror
17:03:12 : PLCDI Error  :Nosocketerror
17:03:13 : PLCDI Error  :Nosocketerror
17:03:14 : PLCDI Error  :Nosocketerror
17:03:15 : PLCDI Error  :Nosocketerror
17:03:16 : PLCDI Error  :Nosocketerror
17:03:17 : PLCDI Error  :Nosocketerror
17:03:18 : PLCDI Error  :Nosocketerror
17:03:19 : PLCDI Error  :Nosocketerror
17:03:20 : PLCDI Error  :Nosocketerror
17:03:21 : PLCDI Error  :Nosocketerror
17:03:22 : PLCDI Error  :Nosocketerror
17:03:23 : PLCDI Error  :Nosocketerror
17:03:23 : PLCDI Error  :Receivingerror
17:03:23 : PLCDI Error  :Transmissionerror
17:03:23 : PLCDI Error  :Transmissionerror
17:03:24 : PLCDI Error  :Transmissionerror
17:03:24 : PLCDI Error  :Transmissionerror
17:03:24 : PLCDI Error  :Transmissionerror
17:03:24 : PLCDI Error  :Transmissionerror
17:03:24 : PLCDI Error  :Transmissionerror
17:03:24 : PLCDI Error  :Transmissionerror
17:03:24 : PLCDI Error  :Transmissionerror
17:03:24 : PLCDI Error  :Transmissionerror
17:03:24 : PLCDI Error  :Transmissionerror
17:03:24 : PLCDI Error  :Transmissionerror
17:03:24 : PLCDI Error  :Transmissionerror
17:03:24 : PLCDI Error  :Transmissionerror
17:03:24 : PLCDI Error  :Transmissionerror
17:03:24 : PLCDI Error  :Transmissionerror
17:03:24 : PLCDI Error  :Transmissionerror
17:03:24 : PLCDI Error  :Transmissionerror
17:03:24 : PLCDI Error  :Transmissionerror
17:03:24 : PLCDI Error  :Transmissionerror
17:03:24 : PLCDI Error  :Transmissionerror
17:03:24 : PLCDI Error  :Transmissionerror
17:03:24 : PLCDI Error  :Transmissionerror
17:03:24 : PLCDI Error  :Transmissionerror
17:03:24 : PLCDI Error  :Transmissionerror
17:03:24 : PLCDI Error  :Transmissionerror
17:03:24 : PLCDI Error  :Transmissionerror
17:03:24 : PLCDI Error  :Transmissionerror
17:03:24 : PLCDI Error  :Transmissionerror
17:03:24 : PLCDI Error  :Transmissionerror
17:03:24 : PLCDI Error  :Transmissionerror
17:03:24 : PLCDI Error  :Transmissionerror
17:03:24 : PLCDI Error  :Transmissionerror
17:03:24 : PLCDI Error  :Transmissionerror
17:03:24 : PLCDI Error  :Transmissionerror
17:03:24 : PLCDI Error  :Transmissionerror
17:03:24 : PLCDI Error  :Transmissionerror
17:03:24 : PLCDI Error  :Transmissionerror
17:03:24 : PLCDI Error  :Transmissionerror
17:03:24 : PLCDI Error  :Transmissionerror
17:03:24 : PLCDI Error  :Transmissionerror
17:03:24 : PLCDI Error  :Transmissionerror
17:03:24 : PLCDI Error  :Transmissionerror
17:03:24 : PLCDI Error  :Transmissionerror
17:03:24 : PLCDI Error  :Transmissionerror
17:03:24 : PLCDI Error  :Transmissionerror
17:03:24 : PLCDI Error  :Transmissionerror
17:03:24 : PLCDI Error  :Transmissionerror
17:03:24 : PLCDI Error  :Transmissionerror
17:03:24 : PLCDI Error  :Transmissionerror
17:03:24 : PLCDI Error  :Transmissionerror
17:03:24 : PLCDI Error  :Transmissionerror
17:03:24 : PLCDI Error  :Transmissionerror
17:03:24 : PLCDI Error  :Transmissionerror
17:03:24 : PLCDI Error  :Transmissionerror
17:03:24 : PLCDI Error  :Transmissionerror
17:03:24 : PLCDI Error  :Transmissionerror
17:03:24 : PLCDI Error  :Transmissionerror
17:03:24 : PLCDI Error  :Transmissionerror
17:03:24 : PLCDI Error  :Transmissionerror
17:03:24 : PLCDI Error  :Transmissionerror
17:03:24 : PLCDI Error  :Transmissionerror
17:03:24 : PLCDI Error  :Transmissionerror
17:03:24 : PLCDI Error  :Transmissionerror
17:03:24 : PLCDI Error  :Transmissionerror
17:03:24 : PLCDI Error  :Transmissionerror
17:03:24 : PLCDI Error  :Transmissionerror
17:03:24 : PLCDI Error  :Transmissionerror
17:03:24 : PLCDI Error  :Transmissionerror
17:03:24 : PLCDI Error  :Transmissionerror
17:03:24 : PLCDI Error  :Transmissionerror
17:03:24 : PLCDI Error  :Transmissionerror
17:03:24 : PLCDI Error  :Transmissionerror
17:03:24 : PLCDI Error  :Transmissionerror
17:03:24 : PLCDI Error  :Transmissionerror
17:03:24 : PLCDI Error  :Transmissionerror
17:03:24 : PLCDI Error  :Transmissionerror
17:03:24 : PLCDI Error  :Transmissionerror
17:03:24 : PLCDI Error  :Transmissionerror
17:03:24 : PLCDI Error  :Transmissionerror
17:03:24 : PLCDI Error  :Transmissionerror
17:03:24 : PLCDI Error  :Transmissionerror
17:03:24 : PLCDI Error  :Transmissionerror
17:03:24 : PLCDI Error  :Transmissionerror
17:03:24 : PLCDI Error  :Transmissionerror
17:03:24 : PLCDI Error  :Transmissionerror
17:03:24 : PLCDI Error  :Transmissionerror
17:03:24 : PLCDI Error  :Transmissionerror
17:03:24 : PLCDI Error  :Transmissionerror
17:03:24 : PLCDI Error  :Transmissionerror
17:03:24 : PLCDI Error  :Transmissionerror
17:03:24 : PLCDI Error  :Transmissionerror
17:03:24 : PLCDI Error  :Transmissionerror
17:03:24 : PLCDI Error  :Transmissionerror
17:03:24 : PLCDI Error  :Transmissionerror
17:03:24 : PLCDI Error  :Transmissionerror
17:03:24 : PLCDI Error  :Transmissionerror
17:03:24 : PLCDI Error  :Transmissionerror
17:03:24 : PLCDI Error  :Transmissionerror
17:03:24 : PLCDI Error  :Transmissionerror
17:03:24 : PLCDI Error  :Transmissionerror
17:03:24 : PLCDI Error  :Transmissionerror
17:03:24 : PLCDI Error  :Transmissionerror
17:03:24 : PLCDI Error  :Transmissionerror
17:03:24 : PLCDI Error  :Transmissionerror
17:03:24 : PLCDI Error  :Transmissionerror
17:03:24 : PLCDI Error  :Transmissionerror
17:03:24 : PLCDI Error  :Transmissionerror
17:03:24 : PLCDI Error  :Transmissionerror
17:03:24 : PLCDI Error  :Transmissionerror
17:03:24 : PLCDI Error  :Transmissionerror
17:03:24 : PLCDI Error  :Transmissionerror
17:03:24 : PLCDI Error  :Transmissionerror
17:03:24 : PLCDI Error  :Transmissionerror
17:03:24 : PLCDI Error  :Transmissionerror
17:03:24 : PLCDI Error  :Transmissionerror
17:03:24 : PLCDI Error  :Transmissionerror
17:03:24 : PLCDI Error  :Transmissionerror
17:03:24 : PLCDI Error  :Transmissionerror
17:03:24 : PLCDI Error  :Transmissionerror
17:03:24 : PLCDI Error  :Transmissionerror
17:03:25 : PLCDI Error  :Transmissionerror
17:03:25 : PLCDI Error  :Transmissionerror
17:03:25 : PLCDI Error  :Transmissionerror
17:03:25 : PLCDI Error  :Transmissionerror
17:03:25 : PLCDI Error  :Transmissionerror
17:03:25 : PLCDI Error  :Transmissionerror
17:03:25 : PLCDI Error  :Transmissionerror
17:03:25 : PLCDI Error  :Transmissionerror
17:03:25 : PLCDI Error  :Transmissionerror
17:03:25 : PLCDI Error  :Transmissionerror
17:03:25 : PLCDI Error  :Transmissionerror
17:03:25 : PLCDI Error  :Transmissionerror
17:03:25 : PLCDI Error  :Transmissionerror
17:03:25 : PLCDI Error  :Transmissionerror
17:03:25 : PLCDI Error  :Transmissionerror
17:03:25 : PLCDI Error  :Transmissionerror
17:03:25 : PLCDI Error  :Transmissionerror
17:03:25 : PLCDI Error  :Transmissionerror
17:03:25 : PLCDI Error  :Transmissionerror
17:03:25 : PLCDI Error  :Transmissionerror
17:03:25 : PLCDI Error  :Transmissionerror
17:03:25 : PLCDI Error  :Transmissionerror
17:03:25 : PLCDI Error  :Transmissionerror
17:03:25 : PLCDI Error  :Transmissionerror
17:03:25 : PLCDI Error  :Transmissionerror
17:03:25 : PLCDI Error  :Transmissionerror
17:03:25 : PLCDI Error  :Transmissionerror
17:03:25 : PLCDI Error  :Transmissionerror
17:03:25 : PLCDI Error  :Transmissionerror
17:03:25 : PLCDI Error  :Transmissionerror
17:03:25 : PLCDI Error  :Transmissionerror
17:03:25 : PLCDI Error  :Transmissionerror
17:03:25 : PLCDI Error  :Transmissionerror
17:03:25 : PLCDI Error  :Transmissionerror
17:03:25 : PLCDI Error  :Transmissionerror
17:03:25 : PLCDI Error  :Transmissionerror
17:03:25 : PLCDI Error  :Transmissionerror
17:03:25 : PLCDI Error  :Transmissionerror
17:03:25 : PLCDI Error  :Transmissionerror
17:03:25 : PLCDI Error  :Transmissionerror
17:03:25 : PLCDI Error  :Transmissionerror
17:03:25 : PLCDI Error  :Transmissionerror
17:14:25 : PLCDI Error  :Sockethasbeendisconnected
